# JRE version: Java(TM) SE Runtime Environment (16.0.2+7) (build 16.0.2+7-67)
# Java VM: Java HotSpot(TM) 64-Bit Server VM (16.0.2+7-67, mixed mode, sharing, tiered, compressed oops, compressed class ptrs, g1 gc, windows-amd64)
GC Precious Log:
 CPUs: 16 total, 16 available
 Memory: 6005M
 Large Page Support: Disabled
 NUMA Support: Disabled
 Compressed Oops: Enabled (32-bit)
 Heap Region Size: 1M
 Heap Min Capacity: 8M
 Heap Initial Capacity: 94M
 Heap Max Capacity: 2G
 Pre-touch: Disabled
 Parallel Workers: 13
 Concurrent Workers: 3
 Concurrent Refinement Workers: 13
 Periodic GC: Disabled
Heap:
 garbage-first heap   total 92160K, used 58602K [0x0000000080000000, 0x0000000100000000)
  region size 1024K, 30 young (30720K), 6 survivors (6144K)
 Metaspace       used 34732K, committed 35136K, reserved 454656K
  class space    used 4717K, committed 4928K, reserved 421888K
GC Heap History (14 events):
Event: 1.156 GC heap before
{Heap before GC invocations=0 (full 0):
 garbage-first heap   total 96256K, used 26624K [0x0000000080000000, 0x0000000100000000)
  region size 1024K, 23 young (23552K), 0 survivors (0K)
 Metaspace       used 3201K, committed 3328K, reserved 430080K
  class space    used 388K, committed 448K, reserved 421888K
}
Event: 1.166 GC heap after
{Heap after GC invocations=1 (full 0):
 garbage-first heap   total 96256K, used 10990K [0x0000000080000000, 0x0000000100000000)
  region size 1024K, 3 young (3072K), 3 survivors (3072K)
 Metaspace       used 3201K, committed 3328K, reserved 430080K
  class space    used 388K, committed 448K, reserved 421888K
}
Event: 1.780 GC heap before
{Heap before GC invocations=1 (full 0):
 garbage-first heap   total 96256K, used 37614K [0x0000000080000000, 0x0000000100000000)
  region size 1024K, 29 young (29696K), 3 survivors (3072K)
 Metaspace       used 4317K, committed 4480K, reserved 430080K
  class space    used 505K, committed 576K, reserved 421888K
}
Event: 1.786 GC heap after
{Heap after GC invocations=2 (full 0):
 garbage-first heap   total 96256K, used 11599K [0x0000000080000000, 0x0000000100000000)
  region size 1024K, 1 young (1024K), 1 survivors (1024K)
 Metaspace       used 4317K, committed 4480K, reserved 430080K
  class space    used 505K, committed 576K, reserved 421888K
}
Event: 3.387 GC heap before
{Heap before GC invocations=2 (full 0):
 garbage-first heap   total 96256K, used 56655K [0x0000000080000000, 0x0000000100000000)
  region size 1024K, 45 young (46080K), 1 survivors (1024K)
 Metaspace       used 10226K, committed 10496K, reserved 438272K
  class space    used 1344K, committed 1472K, reserved 421888K
}
Event: 3.394 GC heap after
{Heap after GC invocations=3 (full 0):
 garbage-first heap   total 96256K, used 18472K [0x0000000080000000, 0x0000000100000000)
  region size 1024K, 6 young (6144K), 6 survivors (6144K)
 Metaspace       used 10226K, committed 10496K, reserved 438272K
  class space    used 1344K, committed 1472K, reserved 421888K
}
Event: 4.911 GC heap before
{Heap before GC invocations=3 (full 0):
 garbage-first heap   total 96256K, used 56360K [0x0000000080000000, 0x0000000100000000)
  region size 1024K, 44 young (45056K), 6 survivors (6144K)
 Metaspace       used 16403K, committed 16768K, reserved 438272K
  class space    used 2306K, committed 2496K, reserved 421888K
}
Event: 4.915 GC heap after
{Heap after GC invocations=4 (full 0):
 garbage-first heap   total 96256K, used 20722K [0x0000000080000000, 0x0000000100000000)
  region size 1024K, 2 young (2048K), 2 survivors (2048K)
 Metaspace       used 16403K, committed 16768K, reserved 438272K
  class space    used 2306K, committed 2496K, reserved 421888K
}
Event: 5.814 GC heap before
{Heap before GC invocations=4 (full 0):
 garbage-first heap   total 96256K, used 58610K [0x0000000080000000, 0x0000000100000000)
  region size 1024K, 41 young (41984K), 2 survivors (2048K)
 Metaspace       used 20967K, committed 21248K, reserved 446464K
  class space    used 3035K, committed 3200K, reserved 421888K
}
Event: 5.820 GC heap after
{Heap after GC invocations=5 (full 0):
 garbage-first heap   total 96256K, used 26365K [0x0000000080000000, 0x0000000100000000)
  region size 1024K, 6 young (6144K), 6 survivors (6144K)
 Metaspace       used 20967K, committed 21248K, reserved 446464K
  class space    used 3035K, committed 3200K, reserved 421888K
}
Event: 6.995 GC heap before
{Heap before GC invocations=6 (full 0):
 garbage-first heap   total 92160K, used 65277K [0x0000000080000000, 0x0000000100000000)
  region size 1024K, 45 young (46080K), 6 survivors (6144K)
 Metaspace       used 26195K, committed 26560K, reserved 446464K
  class space    used 3809K, committed 4032K, reserved 421888K
}
Event: 7.002 GC heap after
{Heap after GC invocations=7 (full 0):
 garbage-first heap   total 92160K, used 27328K [0x0000000080000000, 0x0000000100000000)
  region size 1024K, 3 young (3072K), 3 survivors (3072K)
 Metaspace       used 26195K, committed 26560K, reserved 446464K
  class space    used 3809K, committed 4032K, reserved 421888K
}
Event: 10.355 GC heap before
{Heap before GC invocations=7 (full 0):
 garbage-first heap   total 92160K, used 65216K [0x0000000080000000, 0x0000000100000000)
  region size 1024K, 41 young (41984K), 3 survivors (3072K)
 Metaspace       used 33662K, committed 34112K, reserved 454656K
  class space    used 4668K, committed 4864K, reserved 421888K
}
Event: 10.360 GC heap after
{Heap after GC invocations=8 (full 0):
 garbage-first heap   total 92160K, used 30954K [0x0000000080000000, 0x0000000100000000)
  region size 1024K, 6 young (6144K), 6 survivors (6144K)
 Metaspace       used 33662K, committed 34112K, reserved 454656K
  class space    used 4668K, committed 4864K, reserved 421888K
}

