# JRE version: OpenJDK Runtime Environment Temurin-21.0.10+7 (21.0.10+7) (build 21.0.10+7-LTS)
# Java VM: OpenJDK 64-Bit Server VM Temurin-21.0.10+7 (21.0.10+7-LTS, mixed mode, sharing, tiered, compressed oops, compressed class ptrs, parallel gc, windows-amd64)
GC Precious Log:
 CardTable entry size: 512
 CPUs: 16 total, 16 available
 Memory: 6005M
 Large Page Support: Disabled
 NUMA Support: Disabled
 Compressed Oops: Enabled (32-bit)
 Alignments: Space 512K, Generation 512K, Heap 2M
 Heap Min Capacity: 100M
 Heap Initial Capacity: 100M
 Heap Max Capacity: 2G
 Pre-touch: Disabled
 Parallel Workers: 13
Heap:
 PSYoungGen      total 6656K, used 3821K [0x00000000d5580000, 0x00000000d6580000, 0x0000000100000000)
  eden space 3584K, 21% used [0x00000000d5580000,0x00000000d5640738,0x00000000d5900000)
  from space 3072K, 99% used [0x00000000d5f00000,0x00000000d61fb000,0x00000000d6200000)
  to   space 6144K, 0% used [0x00000000d5900000,0x00000000d5900000,0x00000000d5f00000)
 ParOldGen       total 531968K, used 531543K [0x0000000080000000, 0x00000000a0780000, 0x00000000d5580000)
  object space 531968K, 99% used [0x0000000080000000,0x00000000a0715e70,0x00000000a0780000)
 Metaspace       used 113225K, committed 115648K, reserved 1179648K
  class space    used 14062K, committed 15232K, reserved 1048576K
GC Heap History (20 events):
Event: 1224.545 GC heap before
{Heap before GC invocations=2651 (full 5):
 PSYoungGen      total 4608K, used 4608K [0x00000000d5580000, 0x00000000d6800000, 0x0000000100000000)
  eden space 1024K, 100% used [0x00000000d5580000,0x00000000d5680000,0x00000000d5680000)
  from space 3584K, 100% used [0x00000000d5d80000,0x00000000d6100000,0x00000000d6100000)
  to   space 7168K, 0% used [0x00000000d5680000,0x00000000d5680000,0x00000000d5d80000)
 ParOldGen       total 520704K, used 506791K [0x0000000080000000, 0x000000009fc80000, 0x00000000d5580000)
  object space 520704K, 97% used [0x0000000080000000,0x000000009eee9e70,0x000000009fc80000)
 Metaspace       used 113218K, committed 115648K, reserved 1179648K
  class space    used 14062K, committed 15232K, reserved 1048576K
}
Event: 1224.563 GC heap after
{Heap after GC invocations=2651 (full 5):
 PSYoungGen      total 2560K, used 1152K [0x00000000d5580000, 0x00000000d5e00000, 0x0000000100000000)
  eden space 1024K, 0% used [0x00000000d5580000,0x00000000d5580000,0x00000000d5680000)
  from space 1536K, 75% used [0x00000000d5680000,0x00000000d57a0000,0x00000000d5800000)
  to   space 3072K, 0% used [0x00000000d5b00000,0x00000000d5b00000,0x00000000d5e00000)
 ParOldGen       total 520704K, used 510495K [0x0000000080000000, 0x000000009fc80000, 0x00000000d5580000)
  object space 520704K, 98% used [0x0000000080000000,0x000000009f287e70,0x000000009fc80000)
 Metaspace       used 113218K, committed 115648K, reserved 1179648K
  class space    used 14062K, committed 15232K, reserved 1048576K
}
Event: 1224.593 GC heap before
{Heap before GC invocations=2652 (full 5):
 PSYoungGen      total 2560K, used 2176K [0x00000000d5580000, 0x00000000d5e00000, 0x0000000100000000)
  eden space 1024K, 100% used [0x00000000d5580000,0x00000000d5680000,0x00000000d5680000)
  from space 1536K, 75% used [0x00000000d5680000,0x00000000d57a0000,0x00000000d5800000)
  to   space 3072K, 0% used [0x00000000d5b00000,0x00000000d5b00000,0x00000000d5e00000)
 ParOldGen       total 520704K, used 510495K [0x0000000080000000, 0x000000009fc80000, 0x00000000d5580000)
  object space 520704K, 98% used [0x0000000080000000,0x000000009f287e70,0x000000009fc80000)
 Metaspace       used 113218K, committed 115648K, reserved 1179648K
  class space    used 14062K, committed 15232K, reserved 1048576K
}
Event: 1224.600 GC heap after
{Heap after GC invocations=2652 (full 5):
 PSYoungGen      total 3072K, used 1216K [0x00000000d5580000, 0x00000000d5c80000, 0x0000000100000000)
  eden space 1536K, 0% used [0x00000000d5580000,0x00000000d5580000,0x00000000d5700000)
  from space 1536K, 79% used [0x00000000d5b00000,0x00000000d5c30000,0x00000000d5c80000)
  to   space 1536K, 0% used [0x00000000d5980000,0x00000000d5980000,0x00000000d5b00000)
 ParOldGen       total 520704K, used 511567K [0x0000000080000000, 0x000000009fc80000, 0x00000000d5580000)
  object space 520704K, 98% used [0x0000000080000000,0x000000009f393e70,0x000000009fc80000)
 Metaspace       used 113218K, committed 115648K, reserved 1179648K
  class space    used 14062K, committed 15232K, reserved 1048576K
}
Event: 1224.638 GC heap before
{Heap before GC invocations=2653 (full 5):
 PSYoungGen      total 3072K, used 2752K [0x00000000d5580000, 0x00000000d5c80000, 0x0000000100000000)
  eden space 1536K, 100% used [0x00000000d5580000,0x00000000d5700000,0x00000000d5700000)
  from space 1536K, 79% used [0x00000000d5b00000,0x00000000d5c30000,0x00000000d5c80000)
  to   space 1536K, 0% used [0x00000000d5980000,0x00000000d5980000,0x00000000d5b00000)
 ParOldGen       total 520704K, used 511567K [0x0000000080000000, 0x000000009fc80000, 0x00000000d5580000)
  object space 520704K, 98% used [0x0000000080000000,0x000000009f393e70,0x000000009fc80000)
 Metaspace       used 113218K, committed 115648K, reserved 1179648K
  class space    used 14062K, committed 15232K, reserved 1048576K
}
Event: 1224.644 GC heap after
{Heap after GC invocations=2653 (full 5):
 PSYoungGen      total 3584K, used 1536K [0x00000000d5580000, 0x00000000d5d80000, 0x0000000100000000)
  eden space 2048K, 0% used [0x00000000d5580000,0x00000000d5580000,0x00000000d5780000)
  from space 1536K, 100% used [0x00000000d5980000,0x00000000d5b00000,0x00000000d5b00000)
  to   space 2560K, 0% used [0x00000000d5b00000,0x00000000d5b00000,0x00000000d5d80000)
 ParOldGen       total 520704K, used 512695K [0x0000000080000000, 0x000000009fc80000, 0x00000000d5580000)
  object space 520704K, 98% used [0x0000000080000000,0x000000009f4ade70,0x000000009fc80000)
 Metaspace       used 113218K, committed 115648K, reserved 1179648K
  class space    used 14062K, committed 15232K, reserved 1048576K
}
Event: 1224.678 GC heap before
{Heap before GC invocations=2654 (full 5):
 PSYoungGen      total 3584K, used 3584K [0x00000000d5580000, 0x00000000d5d80000, 0x0000000100000000)
  eden space 2048K, 100% used [0x00000000d5580000,0x00000000d5780000,0x00000000d5780000)
  from space 1536K, 100% used [0x00000000d5980000,0x00000000d5b00000,0x00000000d5b00000)
  to   space 2560K, 0% used [0x00000000d5b00000,0x00000000d5b00000,0x00000000d5d80000)
 ParOldGen       total 520704K, used 512695K [0x0000000080000000, 0x000000009fc80000, 0x00000000d5580000)
  object space 520704K, 98% used [0x0000000080000000,0x000000009f4ade70,0x000000009fc80000)
 Metaspace       used 113218K, committed 115648K, reserved 1179648K
  class space    used 14062K, committed 15232K, reserved 1048576K
}
Event: 1224.685 GC heap after
{Heap after GC invocations=2654 (full 5):
 PSYoungGen      total 5120K, used 2208K [0x00000000d5580000, 0x00000000d5d80000, 0x0000000100000000)
  eden space 2560K, 0% used [0x00000000d5580000,0x00000000d5580000,0x00000000d5800000)
  from space 2560K, 86% used [0x00000000d5b00000,0x00000000d5d28000,0x00000000d5d80000)
  to   space 2560K, 0% used [0x00000000d5880000,0x00000000d5880000,0x00000000d5b00000)
 ParOldGen       total 520704K, used 514231K [0x0000000080000000, 0x000000009fc80000, 0x00000000d5580000)
  object space 520704K, 98% used [0x0000000080000000,0x000000009f62de70,0x000000009fc80000)
 Metaspace       used 113218K, committed 115648K, reserved 1179648K
  class space    used 14062K, committed 15232K, reserved 1048576K
}
Event: 1224.721 GC heap before
{Heap before GC invocations=2655 (full 5):
 PSYoungGen      total 5120K, used 4768K [0x00000000d5580000, 0x00000000d5d80000, 0x0000000100000000)
  eden space 2560K, 100% used [0x00000000d5580000,0x00000000d5800000,0x00000000d5800000)
  from space 2560K, 86% used [0x00000000d5b00000,0x00000000d5d28000,0x00000000d5d80000)
  to   space 2560K, 0% used [0x00000000d5880000,0x00000000d5880000,0x00000000d5b00000)
 ParOldGen       total 520704K, used 514231K [0x0000000080000000, 0x000000009fc80000, 0x00000000d5580000)
  object space 520704K, 98% used [0x0000000080000000,0x000000009f62de70,0x000000009fc80000)
 Metaspace       used 113218K, committed 115648K, reserved 1179648K
  class space    used 14062K, committed 15232K, reserved 1048576K
}
Event: 1224.731 GC heap after
{Heap after GC invocations=2655 (full 5):
 PSYoungGen      total 5632K, used 2560K [0x00000000d5580000, 0x00000000d6380000, 0x0000000100000000)
  eden space 3072K, 0% used [0x00000000d5580000,0x00000000d5580000,0x00000000d5880000)
  from space 2560K, 100% used [0x00000000d5880000,0x00000000d5b00000,0x00000000d5b00000)
  to   space 5632K, 0% used [0x00000000d5e00000,0x00000000d5e00000,0x00000000d6380000)
 ParOldGen       total 520704K, used 516375K [0x0000000080000000, 0x000000009fc80000, 0x00000000d5580000)
  object space 520704K, 99% used [0x0000000080000000,0x000000009f845e70,0x000000009fc80000)
 Metaspace       used 113218K, committed 115648K, reserved 1179648K
  class space    used 14062K, committed 15232K, reserved 1048576K
}
Event: 1224.766 GC heap before
{Heap before GC invocations=2656 (full 5):
 PSYoungGen      total 5632K, used 5632K [0x00000000d5580000, 0x00000000d6380000, 0x0000000100000000)
  eden space 3072K, 100% used [0x00000000d5580000,0x00000000d5880000,0x00000000d5880000)
  from space 2560K, 100% used [0x00000000d5880000,0x00000000d5b00000,0x00000000d5b00000)
  to   space 5632K, 0% used [0x00000000d5e00000,0x00000000d5e00000,0x00000000d6380000)
 ParOldGen       total 520704K, used 516375K [0x0000000080000000, 0x000000009fc80000, 0x00000000d5580000)
  object space 520704K, 99% used [0x0000000080000000,0x000000009f845e70,0x000000009fc80000)
 Metaspace       used 113218K, committed 115648K, reserved 1179648K
  class space    used 14062K, committed 15232K, reserved 1048576K
}
Event: 1224.776 GC heap after
{Heap after GC invocations=2656 (full 5):
 PSYoungGen      total 7680K, used 3264K [0x00000000d5580000, 0x00000000d6180000, 0x0000000100000000)
  eden space 4096K, 0% used [0x00000000d5580000,0x00000000d5580000,0x00000000d5980000)
  from space 3584K, 91% used [0x00000000d5e00000,0x00000000d6130000,0x00000000d6180000)
  to   space 4096K, 0% used [0x00000000d5980000,0x00000000d5980000,0x00000000d5d80000)
 ParOldGen       total 520704K, used 518975K [0x0000000080000000, 0x000000009fc80000, 0x00000000d5580000)
  object space 520704K, 99% used [0x0000000080000000,0x000000009facfe70,0x000000009fc80000)
 Metaspace       used 113218K, committed 115648K, reserved 1179648K
  class space    used 14062K, committed 15232K, reserved 1048576K
}
Event: 1224.826 GC heap before
{Heap before GC invocations=2657 (full 5):
 PSYoungGen      total 7680K, used 7360K [0x00000000d5580000, 0x00000000d6180000, 0x0000000100000000)
  eden space 4096K, 100% used [0x00000000d5580000,0x00000000d5980000,0x00000000d5980000)
  from space 3584K, 91% used [0x00000000d5e00000,0x00000000d6130000,0x00000000d6180000)
  to   space 4096K, 0% used [0x00000000d5980000,0x00000000d5980000,0x00000000d5d80000)
 ParOldGen       total 520704K, used 518975K [0x0000000080000000, 0x000000009fc80000, 0x00000000d5580000)
  object space 520704K, 99% used [0x0000000080000000,0x000000009facfe70,0x000000009fc80000)
 Metaspace       used 113218K, committed 115648K, reserved 1179648K
  class space    used 14062K, committed 15232K, reserved 1048576K
}
Event: 1224.834 GC heap after
{Heap after GC invocations=2657 (full 5):
 PSYoungGen      total 8192K, used 4096K [0x00000000d5580000, 0x00000000d6980000, 0x0000000100000000)
  eden space 4096K, 0% used [0x00000000d5580000,0x00000000d5580000,0x00000000d5980000)
  from space 4096K, 100% used [0x00000000d5980000,0x00000000d5d80000,0x00000000d5d80000)
  to   space 8192K, 0% used [0x00000000d6180000,0x00000000d6180000,0x00000000d6980000)
 ParOldGen       total 522240K, used 522135K [0x0000000080000000, 0x000000009fe00000, 0x00000000d5580000)
  object space 522240K, 99% used [0x0000000080000000,0x000000009fde5e70,0x000000009fe00000)
 Metaspace       used 113218K, committed 115648K, reserved 1179648K
  class space    used 14062K, committed 15232K, reserved 1048576K
}
Event: 1224.877 GC heap before
{Heap before GC invocations=2658 (full 5):
 PSYoungGen      total 8192K, used 7926K [0x00000000d5580000, 0x00000000d6980000, 0x0000000100000000)
  eden space 4096K, 93% used [0x00000000d5580000,0x00000000d593d860,0x00000000d5980000)
  from space 4096K, 100% used [0x00000000d5980000,0x00000000d5d80000,0x00000000d5d80000)
  to   space 8192K, 0% used [0x00000000d6180000,0x00000000d6180000,0x00000000d6980000)
 ParOldGen       total 522240K, used 522135K [0x0000000080000000, 0x000000009fe00000, 0x00000000d5580000)
  object space 522240K, 99% used [0x0000000080000000,0x000000009fde5e70,0x000000009fe00000)
 Metaspace       used 113218K, committed 115648K, reserved 1179648K
  class space    used 14062K, committed 15232K, reserved 1048576K
}
Event: 1224.883 GC heap after
{Heap after GC invocations=2658 (full 5):
 PSYoungGen      total 8192K, used 3595K [0x00000000d5580000, 0x00000000d6580000, 0x0000000100000000)
  eden space 4096K, 0% used [0x00000000d5580000,0x00000000d5580000,0x00000000d5980000)
  from space 4096K, 87% used [0x00000000d6180000,0x00000000d6502c00,0x00000000d6580000)
  to   space 5120K, 0% used [0x00000000d5b80000,0x00000000d5b80000,0x00000000d6080000)
 ParOldGen       total 526336K, used 526263K [0x0000000080000000, 0x00000000a0200000, 0x00000000d5580000)
  object space 526336K, 99% used [0x0000000080000000,0x00000000a01ede70,0x00000000a0200000)
 Metaspace       used 113218K, committed 115648K, reserved 1179648K
  class space    used 14062K, committed 15232K, reserved 1048576K
}
Event: 1224.977 GC heap before
{Heap before GC invocations=2659 (full 5):
 PSYoungGen      total 8192K, used 6976K [0x00000000d5580000, 0x00000000d6580000, 0x0000000100000000)
  eden space 4096K, 82% used [0x00000000d5580000,0x00000000d58cd5e0,0x00000000d5980000)
  from space 4096K, 87% used [0x00000000d6180000,0x00000000d6502c00,0x00000000d6580000)
  to   space 5120K, 0% used [0x00000000d5b80000,0x00000000d5b80000,0x00000000d6080000)
 ParOldGen       total 526336K, used 526263K [0x0000000080000000, 0x00000000a0200000, 0x00000000d5580000)
  object space 526336K, 99% used [0x0000000080000000,0x00000000a01ede70,0x00000000a0200000)
 Metaspace       used 113218K, committed 115648K, reserved 1179648K
  class space    used 14062K, committed 15232K, reserved 1048576K
}
Event: 1224.988 GC heap after
{Heap after GC invocations=2659 (full 5):
 PSYoungGen      total 7680K, used 3286K [0x00000000d5580000, 0x00000000d6200000, 0x0000000100000000)
  eden space 4096K, 0% used [0x00000000d5580000,0x00000000d5580000,0x00000000d5980000)
  from space 3584K, 91% used [0x00000000d5b80000,0x00000000d5eb5800,0x00000000d5f00000)
  to   space 3072K, 0% used [0x00000000d5f00000,0x00000000d5f00000,0x00000000d6200000)
 ParOldGen       total 529408K, used 529103K [0x0000000080000000, 0x00000000a0500000, 0x00000000d5580000)
  object space 529408K, 99% used [0x0000000080000000,0x00000000a04b3e70,0x00000000a0500000)
 Metaspace       used 113218K, committed 115648K, reserved 1179648K
  class space    used 14062K, committed 15232K, reserved 1048576K
}
Event: 1512.564 GC heap before
{Heap before GC invocations=2660 (full 5):
 PSYoungGen      total 7680K, used 7380K [0x00000000d5580000, 0x00000000d6200000, 0x0000000100000000)
  eden space 4096K, 99% used [0x00000000d5580000,0x00000000d597fa90,0x00000000d5980000)
  from space 3584K, 91% used [0x00000000d5b80000,0x00000000d5eb5800,0x00000000d5f00000)
  to   space 3072K, 0% used [0x00000000d5f00000,0x00000000d5f00000,0x00000000d6200000)
 ParOldGen       total 529408K, used 529103K [0x0000000080000000, 0x00000000a0500000, 0x00000000d5580000)
  object space 529408K, 99% used [0x0000000080000000,0x00000000a04b3e70,0x00000000a0500000)
 Metaspace       used 113224K, committed 115648K, reserved 1179648K
  class space    used 14062K, committed 15232K, reserved 1048576K
}
Event: 1512.986 GC heap after
{Heap after GC invocations=2660 (full 5):
 PSYoungGen      total 6656K, used 3052K [0x00000000d5580000, 0x00000000d6580000, 0x0000000100000000)
  eden space 3584K, 0% used [0x00000000d5580000,0x00000000d5580000,0x00000000d5900000)
  from space 3072K, 99% used [0x00000000d5f00000,0x00000000d61fb000,0x00000000d6200000)
  to   space 6144K, 0% used [0x00000000d5900000,0x00000000d5900000,0x00000000d5f00000)
 ParOldGen       total 531968K, used 531543K [0x0000000080000000, 0x00000000a0780000, 0x00000000d5580000)
  object space 531968K, 99% used [0x0000000080000000,0x00000000a0715e70,0x00000000a0780000)
 Metaspace       used 113224K, committed 115648K, reserved 1179648K
  class space    used 14062K, committed 15232K, reserved 1048576K
}

