# JRE version: OpenJDK Runtime Environment Temurin-21.0.10+7 (21.0.10+7) (build 21.0.10+7-LTS)
# Java VM: OpenJDK 64-Bit Server VM Temurin-21.0.10+7 (21.0.10+7-LTS, mixed mode, sharing, tiered, compressed oops, compressed class ptrs, parallel gc, windows-amd64)
GC Precious Log:
 CardTable entry size: 512
 CPUs: 16 total, 16 available
 Memory: 6005M
 Large Page Support: Disabled
 NUMA Support: Disabled
 Compressed Oops: Enabled (32-bit)
 Alignments: Space 512K, Generation 512K, Heap 2M
 Heap Min Capacity: 100M
 Heap Initial Capacity: 100M
 Heap Max Capacity: 2G
 Pre-touch: Disabled
 Parallel Workers: 13
Heap:
 PSYoungGen      total 11776K, used 6663K [0x00000000d5580000, 0x00000000d6380000, 0x0000000100000000)
  eden space 9728K, 58% used [0x00000000d5580000,0x00000000d5b19da8,0x00000000d5f00000)
  from space 2048K, 45% used [0x00000000d5f00000,0x00000000d5fe8010,0x00000000d6100000)
  to   space 1536K, 0% used [0x00000000d6200000,0x00000000d6200000,0x00000000d6380000)
 ParOldGen       total 122880K, used 122824K [0x0000000080000000, 0x0000000087800000, 0x00000000d5580000)
  object space 122880K, 99% used [0x0000000080000000,0x00000000877f20e0,0x0000000087800000)
 Metaspace       used 63247K, committed 64704K, reserved 1114112K
  class space    used 7316K, committed 8000K, reserved 1048576K
GC Heap History (20 events):
Event: 11.472 GC heap after
{Heap after GC invocations=62 (full 3):
 PSYoungGen      total 17920K, used 1504K [0x00000000d5580000, 0x00000000d6880000, 0x0000000100000000)
  eden space 15872K, 0% used [0x00000000d5580000,0x00000000d5580000,0x00000000d6500000)
  from space 2048K, 73% used [0x00000000d6500000,0x00000000d6678000,0x00000000d6700000)
  to   space 1536K, 0% used [0x00000000d6700000,0x00000000d6700000,0x00000000d6880000)
 ParOldGen       total 107520K, used 97869K [0x0000000080000000, 0x0000000086900000, 0x00000000d5580000)
  object space 107520K, 91% used [0x0000000080000000,0x0000000085f937b8,0x0000000086900000)
 Metaspace       used 59338K, committed 60736K, reserved 1114112K
  class space    used 6839K, committed 7488K, reserved 1048576K
}
Event: 11.521 GC heap before
{Heap before GC invocations=63 (full 3):
 PSYoungGen      total 17920K, used 17376K [0x00000000d5580000, 0x00000000d6880000, 0x0000000100000000)
  eden space 15872K, 100% used [0x00000000d5580000,0x00000000d6500000,0x00000000d6500000)
  from space 2048K, 73% used [0x00000000d6500000,0x00000000d6678000,0x00000000d6700000)
  to   space 1536K, 0% used [0x00000000d6700000,0x00000000d6700000,0x00000000d6880000)
 ParOldGen       total 107520K, used 97937K [0x0000000080000000, 0x0000000086900000, 0x00000000d5580000)
  object space 107520K, 91% used [0x0000000080000000,0x0000000085fa44f8,0x0000000086900000)
 Metaspace       used 59621K, committed 61056K, reserved 1114112K
  class space    used 6889K, committed 7552K, reserved 1048576K
}
Event: 11.524 GC heap after
{Heap after GC invocations=63 (full 3):
 PSYoungGen      total 17408K, used 1376K [0x00000000d5580000, 0x00000000d6880000, 0x0000000100000000)
  eden space 15872K, 0% used [0x00000000d5580000,0x00000000d5580000,0x00000000d6500000)
  from space 1536K, 89% used [0x00000000d6700000,0x00000000d6858000,0x00000000d6880000)
  to   space 1536K, 0% used [0x00000000d6580000,0x00000000d6580000,0x00000000d6700000)
 ParOldGen       total 107520K, used 99209K [0x0000000080000000, 0x0000000086900000, 0x00000000d5580000)
  object space 107520K, 92% used [0x0000000080000000,0x00000000860e24f8,0x0000000086900000)
 Metaspace       used 59621K, committed 61056K, reserved 1114112K
  class space    used 6889K, committed 7552K, reserved 1048576K
}
Event: 11.632 GC heap before
{Heap before GC invocations=64 (full 3):
 PSYoungGen      total 17408K, used 17248K [0x00000000d5580000, 0x00000000d6880000, 0x0000000100000000)
  eden space 15872K, 100% used [0x00000000d5580000,0x00000000d6500000,0x00000000d6500000)
  from space 1536K, 89% used [0x00000000d6700000,0x00000000d6858000,0x00000000d6880000)
  to   space 1536K, 0% used [0x00000000d6580000,0x00000000d6580000,0x00000000d6700000)
 ParOldGen       total 107520K, used 99209K [0x0000000080000000, 0x0000000086900000, 0x00000000d5580000)
  object space 107520K, 92% used [0x0000000080000000,0x00000000860e24f8,0x0000000086900000)
 Metaspace       used 60123K, committed 61568K, reserved 1114112K
  class space    used 6971K, committed 7616K, reserved 1048576K
}
Event: 11.634 GC heap after
{Heap after GC invocations=64 (full 3):
 PSYoungGen      total 17408K, used 1286K [0x00000000d5580000, 0x00000000d6800000, 0x0000000100000000)
  eden space 15872K, 0% used [0x00000000d5580000,0x00000000d5580000,0x00000000d6500000)
  from space 1536K, 83% used [0x00000000d6580000,0x00000000d66c1bf0,0x00000000d6700000)
  to   space 1024K, 0% used [0x00000000d6700000,0x00000000d6700000,0x00000000d6800000)
 ParOldGen       total 107520K, used 100329K [0x0000000080000000, 0x0000000086900000, 0x00000000d5580000)
  object space 107520K, 93% used [0x0000000080000000,0x00000000861fa4f8,0x0000000086900000)
 Metaspace       used 60123K, committed 61568K, reserved 1114112K
  class space    used 6971K, committed 7616K, reserved 1048576K
}
Event: 11.796 GC heap before
{Heap before GC invocations=65 (full 3):
 PSYoungGen      total 17408K, used 17010K [0x00000000d5580000, 0x00000000d6800000, 0x0000000100000000)
  eden space 15872K, 99% used [0x00000000d5580000,0x00000000d64daf90,0x00000000d6500000)
  from space 1536K, 83% used [0x00000000d6580000,0x00000000d66c1bf0,0x00000000d6700000)
  to   space 1024K, 0% used [0x00000000d6700000,0x00000000d6700000,0x00000000d6800000)
 ParOldGen       total 107520K, used 100329K [0x0000000080000000, 0x0000000086900000, 0x00000000d5580000)
  object space 107520K, 93% used [0x0000000080000000,0x00000000861fa4f8,0x0000000086900000)
 Metaspace       used 60666K, committed 62144K, reserved 1114112K
  class space    used 7063K, committed 7744K, reserved 1048576K
}
Event: 11.800 GC heap after
{Heap after GC invocations=65 (full 3):
 PSYoungGen      total 10240K, used 1021K [0x00000000d5580000, 0x00000000d7600000, 0x0000000100000000)
  eden space 9216K, 0% used [0x00000000d5580000,0x00000000d5580000,0x00000000d5e80000)
  from space 1024K, 99% used [0x00000000d6700000,0x00000000d67ff410,0x00000000d6800000)
  to   space 8704K, 0% used [0x00000000d5e80000,0x00000000d5e80000,0x00000000d6700000)
 ParOldGen       total 107520K, used 106552K [0x0000000080000000, 0x0000000086900000, 0x00000000d5580000)
  object space 107520K, 99% used [0x0000000080000000,0x000000008680e070,0x0000000086900000)
 Metaspace       used 60666K, committed 62144K, reserved 1114112K
  class space    used 7063K, committed 7744K, reserved 1048576K
}
Event: 11.893 GC heap before
{Heap before GC invocations=66 (full 3):
 PSYoungGen      total 10240K, used 10237K [0x00000000d5580000, 0x00000000d7600000, 0x0000000100000000)
  eden space 9216K, 100% used [0x00000000d5580000,0x00000000d5e80000,0x00000000d5e80000)
  from space 1024K, 99% used [0x00000000d6700000,0x00000000d67ff410,0x00000000d6800000)
  to   space 8704K, 0% used [0x00000000d5e80000,0x00000000d5e80000,0x00000000d6700000)
 ParOldGen       total 107520K, used 106552K [0x0000000080000000, 0x0000000086900000, 0x00000000d5580000)
  object space 107520K, 99% used [0x0000000080000000,0x000000008680e070,0x0000000086900000)
 Metaspace       used 61089K, committed 62528K, reserved 1114112K
  class space    used 7127K, committed 7808K, reserved 1048576K
}
Event: 11.898 GC heap after
{Heap after GC invocations=66 (full 3):
 PSYoungGen      total 13312K, used 4020K [0x00000000d5580000, 0x00000000d6980000, 0x0000000100000000)
  eden space 9216K, 0% used [0x00000000d5580000,0x00000000d5580000,0x00000000d5e80000)
  from space 4096K, 98% used [0x00000000d5e80000,0x00000000d626d310,0x00000000d6280000)
  to   space 5632K, 0% used [0x00000000d6400000,0x00000000d6400000,0x00000000d6980000)
 ParOldGen       total 107520K, used 106980K [0x0000000080000000, 0x0000000086900000, 0x00000000d5580000)
  object space 107520K, 99% used [0x0000000080000000,0x00000000868792d0,0x0000000086900000)
 Metaspace       used 61089K, committed 62528K, reserved 1114112K
  class space    used 7127K, committed 7808K, reserved 1048576K
}
Event: 11.984 GC heap before
{Heap before GC invocations=67 (full 3):
 PSYoungGen      total 13312K, used 13236K [0x00000000d5580000, 0x00000000d6980000, 0x0000000100000000)
  eden space 9216K, 100% used [0x00000000d5580000,0x00000000d5e80000,0x00000000d5e80000)
  from space 4096K, 98% used [0x00000000d5e80000,0x00000000d626d310,0x00000000d6280000)
  to   space 5632K, 0% used [0x00000000d6400000,0x00000000d6400000,0x00000000d6980000)
 ParOldGen       total 107520K, used 106980K [0x0000000080000000, 0x0000000086900000, 0x00000000d5580000)
  object space 107520K, 99% used [0x0000000080000000,0x00000000868792d0,0x0000000086900000)
 Metaspace       used 61731K, committed 63168K, reserved 1114112K
  class space    used 7183K, committed 7872K, reserved 1048576K
}
Event: 11.989 GC heap after
{Heap after GC invocations=67 (full 3):
 PSYoungGen      total 14336K, used 4840K [0x00000000d5580000, 0x00000000d6900000, 0x0000000100000000)
  eden space 9216K, 0% used [0x00000000d5580000,0x00000000d5580000,0x00000000d5e80000)
  from space 5120K, 94% used [0x00000000d6400000,0x00000000d68ba380,0x00000000d6900000)
  to   space 5120K, 0% used [0x00000000d5f00000,0x00000000d5f00000,0x00000000d6400000)
 ParOldGen       total 110592K, used 110439K [0x0000000080000000, 0x0000000086c00000, 0x00000000d5580000)
  object space 110592K, 99% used [0x0000000080000000,0x0000000086bd9e88,0x0000000086c00000)
 Metaspace       used 61731K, committed 63168K, reserved 1114112K
  class space    used 7183K, committed 7872K, reserved 1048576K
}
Event: 12.394 GC heap before
{Heap before GC invocations=68 (full 3):
 PSYoungGen      total 14336K, used 14001K [0x00000000d5580000, 0x00000000d6900000, 0x0000000100000000)
  eden space 9216K, 99% used [0x00000000d5580000,0x00000000d5e722c0,0x00000000d5e80000)
  from space 5120K, 94% used [0x00000000d6400000,0x00000000d68ba380,0x00000000d6900000)
  to   space 5120K, 0% used [0x00000000d5f00000,0x00000000d5f00000,0x00000000d6400000)
 ParOldGen       total 110592K, used 110439K [0x0000000080000000, 0x0000000086c00000, 0x00000000d5580000)
  object space 110592K, 99% used [0x0000000080000000,0x0000000086bd9e88,0x0000000086c00000)
 Metaspace       used 62109K, committed 63552K, reserved 1114112K
  class space    used 7223K, committed 7872K, reserved 1048576K
}
Event: 12.400 GC heap after
{Heap after GC invocations=68 (full 3):
 PSYoungGen      total 13312K, used 3664K [0x00000000d5580000, 0x00000000d6780000, 0x0000000100000000)
  eden space 9216K, 0% used [0x00000000d5580000,0x00000000d5580000,0x00000000d5e80000)
  from space 4096K, 89% used [0x00000000d5f00000,0x00000000d6294360,0x00000000d6300000)
  to   space 4608K, 0% used [0x00000000d6300000,0x00000000d6300000,0x00000000d6780000)
 ParOldGen       total 114688K, used 114632K [0x0000000080000000, 0x0000000087000000, 0x00000000d5580000)
  object space 114688K, 99% used [0x0000000080000000,0x0000000086ff2138,0x0000000087000000)
 Metaspace       used 62109K, committed 63552K, reserved 1114112K
  class space    used 7223K, committed 7872K, reserved 1048576K
}
Event: 12.643 GC heap before
{Heap before GC invocations=69 (full 3):
 PSYoungGen      total 13312K, used 12880K [0x00000000d5580000, 0x00000000d6780000, 0x0000000100000000)
  eden space 9216K, 100% used [0x00000000d5580000,0x00000000d5e80000,0x00000000d5e80000)
  from space 4096K, 89% used [0x00000000d5f00000,0x00000000d6294360,0x00000000d6300000)
  to   space 4608K, 0% used [0x00000000d6300000,0x00000000d6300000,0x00000000d6780000)
 ParOldGen       total 114688K, used 114632K [0x0000000080000000, 0x0000000087000000, 0x00000000d5580000)
  object space 114688K, 99% used [0x0000000080000000,0x0000000086ff2138,0x0000000087000000)
 Metaspace       used 62135K, committed 63552K, reserved 1114112K
  class space    used 7225K, committed 7872K, reserved 1048576K
}
Event: 12.646 GC heap after
{Heap after GC invocations=69 (full 3):
 PSYoungGen      total 11264K, used 1960K [0x00000000d5580000, 0x00000000d6500000, 0x0000000100000000)
  eden space 9216K, 0% used [0x00000000d5580000,0x00000000d5580000,0x00000000d5e80000)
  from space 2048K, 95% used [0x00000000d6300000,0x00000000d64ea0d0,0x00000000d6500000)
  to   space 3072K, 0% used [0x00000000d5f00000,0x00000000d5f00000,0x00000000d6200000)
 ParOldGen       total 118272K, used 118072K [0x0000000080000000, 0x0000000087380000, 0x00000000d5580000)
  object space 118272K, 99% used [0x0000000080000000,0x000000008734e198,0x0000000087380000)
 Metaspace       used 62135K, committed 63552K, reserved 1114112K
  class space    used 7225K, committed 7872K, reserved 1048576K
}
Event: 12.737 GC heap before
{Heap before GC invocations=70 (full 3):
 PSYoungGen      total 11264K, used 11176K [0x00000000d5580000, 0x00000000d6500000, 0x0000000100000000)
  eden space 9216K, 100% used [0x00000000d5580000,0x00000000d5e80000,0x00000000d5e80000)
  from space 2048K, 95% used [0x00000000d6300000,0x00000000d64ea0d0,0x00000000d6500000)
  to   space 3072K, 0% used [0x00000000d5f00000,0x00000000d5f00000,0x00000000d6200000)
 ParOldGen       total 118272K, used 118072K [0x0000000080000000, 0x0000000087380000, 0x00000000d5580000)
  object space 118272K, 99% used [0x0000000080000000,0x000000008734e198,0x0000000087380000)
 Metaspace       used 62279K, committed 63744K, reserved 1114112K
  class space    used 7241K, committed 7872K, reserved 1048576K
}
Event: 12.739 GC heap after
{Heap after GC invocations=70 (full 3):
 PSYoungGen      total 11264K, used 1749K [0x00000000d5580000, 0x00000000d6380000, 0x0000000100000000)
  eden space 9216K, 0% used [0x00000000d5580000,0x00000000d5580000,0x00000000d5e80000)
  from space 2048K, 85% used [0x00000000d5f00000,0x00000000d60b5658,0x00000000d6100000)
  to   space 2048K, 0% used [0x00000000d6180000,0x00000000d6180000,0x00000000d6380000)
 ParOldGen       total 120320K, used 119835K [0x0000000080000000, 0x0000000087580000, 0x00000000d5580000)
  object space 120320K, 99% used [0x0000000080000000,0x0000000087506f60,0x0000000087580000)
 Metaspace       used 62279K, committed 63744K, reserved 1114112K
  class space    used 7241K, committed 7872K, reserved 1048576K
}
Event: 12.864 GC heap before
{Heap before GC invocations=71 (full 3):
 PSYoungGen      total 11264K, used 10965K [0x00000000d5580000, 0x00000000d6380000, 0x0000000100000000)
  eden space 9216K, 100% used [0x00000000d5580000,0x00000000d5e80000,0x00000000d5e80000)
  from space 2048K, 85% used [0x00000000d5f00000,0x00000000d60b5658,0x00000000d6100000)
  to   space 2048K, 0% used [0x00000000d6180000,0x00000000d6180000,0x00000000d6380000)
 ParOldGen       total 120320K, used 119835K [0x0000000080000000, 0x0000000087580000, 0x00000000d5580000)
  object space 120320K, 99% used [0x0000000080000000,0x0000000087506f60,0x0000000087580000)
 Metaspace       used 62964K, committed 64448K, reserved 1114112K
  class space    used 7288K, committed 7936K, reserved 1048576K
}
Event: 12.867 GC heap after
{Heap after GC invocations=71 (full 3):
 PSYoungGen      total 11264K, used 1830K [0x00000000d5580000, 0x00000000d6380000, 0x0000000100000000)
  eden space 9216K, 0% used [0x00000000d5580000,0x00000000d5580000,0x00000000d5e80000)
  from space 2048K, 89% used [0x00000000d6180000,0x00000000d6349b40,0x00000000d6380000)
  to   space 2048K, 0% used [0x00000000d5f00000,0x00000000d5f00000,0x00000000d6100000)
 ParOldGen       total 121856K, used 121376K [0x0000000080000000, 0x0000000087700000, 0x00000000d5580000)
  object space 121856K, 99% used [0x0000000080000000,0x00000000876880d0,0x0000000087700000)
 Metaspace       used 62964K, committed 64448K, reserved 1114112K
  class space    used 7288K, committed 7936K, reserved 1048576K
}
Event: 12.951 GC heap before
{Heap before GC invocations=72 (full 3):
 PSYoungGen      total 11264K, used 11046K [0x00000000d5580000, 0x00000000d6380000, 0x0000000100000000)
  eden space 9216K, 100% used [0x00000000d5580000,0x00000000d5e80000,0x00000000d5e80000)
  from space 2048K, 89% used [0x00000000d6180000,0x00000000d6349b40,0x00000000d6380000)
  to   space 2048K, 0% used [0x00000000d5f00000,0x00000000d5f00000,0x00000000d6100000)
 ParOldGen       total 121856K, used 121376K [0x0000000080000000, 0x0000000087700000, 0x00000000d5580000)
  object space 121856K, 99% used [0x0000000080000000,0x00000000876880d0,0x0000000087700000)
 Metaspace       used 63190K, committed 64704K, reserved 1114112K
  class space    used 7308K, committed 8000K, reserved 1048576K
}

