# JRE version: Java(TM) SE Runtime Environment (16.0.2+7) (build 16.0.2+7-67)
# Java VM: Java HotSpot(TM) 64-Bit Server VM (16.0.2+7-67, mixed mode, sharing, tiered, compressed oops, compressed class ptrs, g1 gc, windows-amd64)
GC Precious Log:
 CPUs: 16 total, 16 available
 Memory: 6005M
 Large Page Support: Disabled
 NUMA Support: Disabled
 Compressed Oops: Enabled (32-bit)
 Heap Region Size: 1M
 Heap Min Capacity: 8M
 Heap Initial Capacity: 94M
 Heap Max Capacity: 2G
 Pre-touch: Disabled
 Parallel Workers: 13
 Concurrent Workers: 3
 Concurrent Refinement Workers: 13
 Periodic GC: Disabled
Heap:
 garbage-first heap   total 92160K, used 62089K [0x0000000080000000, 0x0000000100000000)
  region size 1024K, 31 young (31744K), 3 survivors (3072K)
 Metaspace       used 36449K, committed 36928K, reserved 454656K
  class space    used 4952K, committed 5184K, reserved 421888K
GC Heap History (16 events):
Event: 1.234 GC heap before
{Heap before GC invocations=0 (full 0):
 garbage-first heap   total 96256K, used 26624K [0x0000000080000000, 0x0000000100000000)
  region size 1024K, 23 young (23552K), 0 survivors (0K)
 Metaspace       used 3136K, committed 3264K, reserved 430080K
  class space    used 378K, committed 448K, reserved 421888K
}
Event: 1.243 GC heap after
{Heap after GC invocations=1 (full 0):
 garbage-first heap   total 96256K, used 10904K [0x0000000080000000, 0x0000000100000000)
  region size 1024K, 3 young (3072K), 3 survivors (3072K)
 Metaspace       used 3136K, committed 3264K, reserved 430080K
  class space    used 378K, committed 448K, reserved 421888K
}
Event: 1.857 GC heap before
{Heap before GC invocations=1 (full 0):
 garbage-first heap   total 96256K, used 37528K [0x0000000080000000, 0x0000000100000000)
  region size 1024K, 29 young (29696K), 3 survivors (3072K)
 Metaspace       used 4314K, committed 4480K, reserved 430080K
  class space    used 505K, committed 576K, reserved 421888K
}
Event: 1.861 GC heap after
{Heap after GC invocations=2 (full 0):
 garbage-first heap   total 96256K, used 11714K [0x0000000080000000, 0x0000000100000000)
  region size 1024K, 1 young (1024K), 1 survivors (1024K)
 Metaspace       used 4314K, committed 4480K, reserved 430080K
  class space    used 505K, committed 576K, reserved 421888K
}
Event: 3.406 GC heap before
{Heap before GC invocations=2 (full 0):
 garbage-first heap   total 96256K, used 56770K [0x0000000080000000, 0x0000000100000000)
  region size 1024K, 45 young (46080K), 1 survivors (1024K)
 Metaspace       used 10209K, committed 10432K, reserved 438272K
  class space    used 1341K, committed 1472K, reserved 421888K
}
Event: 3.412 GC heap after
{Heap after GC invocations=3 (full 0):
 garbage-first heap   total 96256K, used 18772K [0x0000000080000000, 0x0000000100000000)
  region size 1024K, 6 young (6144K), 6 survivors (6144K)
 Metaspace       used 10209K, committed 10432K, reserved 438272K
  class space    used 1341K, committed 1472K, reserved 421888K
}
Event: 4.439 GC heap before
{Heap before GC invocations=3 (full 0):
 garbage-first heap   total 96256K, used 56660K [0x0000000080000000, 0x0000000100000000)
  region size 1024K, 43 young (44032K), 6 survivors (6144K)
 Metaspace       used 16236K, committed 16512K, reserved 438272K
  class space    used 2273K, committed 2368K, reserved 421888K
}
Event: 4.444 GC heap after
{Heap after GC invocations=4 (full 0):
 garbage-first heap   total 96256K, used 20984K [0x0000000080000000, 0x0000000100000000)
  region size 1024K, 2 young (2048K), 2 survivors (2048K)
 Metaspace       used 16236K, committed 16512K, reserved 438272K
  class space    used 2273K, committed 2368K, reserved 421888K
}
Event: 5.454 GC heap before
{Heap before GC invocations=4 (full 0):
 garbage-first heap   total 96256K, used 59896K [0x0000000080000000, 0x0000000100000000)
  region size 1024K, 42 young (43008K), 2 survivors (2048K)
 Metaspace       used 20977K, committed 21248K, reserved 446464K
  class space    used 3038K, committed 3200K, reserved 421888K
}
Event: 5.459 GC heap after
{Heap after GC invocations=5 (full 0):
 garbage-first heap   total 96256K, used 25977K [0x0000000080000000, 0x0000000100000000)
  region size 1024K, 6 young (6144K), 6 survivors (6144K)
 Metaspace       used 20977K, committed 21248K, reserved 446464K
  class space    used 3038K, committed 3200K, reserved 421888K
}
Event: 6.582 GC heap before
{Heap before GC invocations=6 (full 0):
 garbage-first heap   total 92160K, used 65913K [0x0000000080000000, 0x0000000100000000)
  region size 1024K, 45 young (46080K), 6 survivors (6144K)
 Metaspace       used 26066K, committed 26496K, reserved 446464K
  class space    used 3787K, committed 4032K, reserved 421888K
}
Event: 6.587 GC heap after
{Heap after GC invocations=7 (full 0):
 garbage-first heap   total 92160K, used 27464K [0x0000000080000000, 0x0000000100000000)
  region size 1024K, 3 young (3072K), 3 survivors (3072K)
 Metaspace       used 26066K, committed 26496K, reserved 446464K
  class space    used 3787K, committed 4032K, reserved 421888K
}
Event: 7.636 GC heap before
{Heap before GC invocations=7 (full 0):
 garbage-first heap   total 92160K, used 64328K [0x0000000080000000, 0x0000000100000000)
  region size 1024K, 40 young (40960K), 3 survivors (3072K)
 Metaspace       used 33472K, committed 33856K, reserved 454656K
  class space    used 4651K, committed 4864K, reserved 421888K
}
Event: 7.640 GC heap after
{Heap after GC invocations=8 (full 0):
 garbage-first heap   total 92160K, used 31569K [0x0000000080000000, 0x0000000100000000)
  region size 1024K, 5 young (5120K), 5 survivors (5120K)
 Metaspace       used 33472K, committed 33856K, reserved 454656K
  class space    used 4651K, committed 4864K, reserved 421888K
}
Event: 8.059 GC heap before
{Heap before GC invocations=8 (full 0):
 garbage-first heap   total 92160K, used 66385K [0x0000000080000000, 0x0000000100000000)
  region size 1024K, 36 young (36864K), 5 survivors (5120K)
 Metaspace       used 35274K, committed 35648K, reserved 454656K
  class space    used 4787K, committed 4992K, reserved 421888K
}
Event: 8.066 GC heap after
{Heap after GC invocations=9 (full 0):
 garbage-first heap   total 92160K, used 34441K [0x0000000080000000, 0x0000000100000000)
  region size 1024K, 3 young (3072K), 3 survivors (3072K)
 Metaspace       used 35274K, committed 35648K, reserved 454656K
  class space    used 4787K, committed 4992K, reserved 421888K
}

