# JRE version: OpenJDK Runtime Environment Temurin-21.0.10+7 (21.0.10+7) (build 21.0.10+7-LTS)
# Java VM: OpenJDK 64-Bit Server VM Temurin-21.0.10+7 (21.0.10+7-LTS, mixed mode, sharing, tiered, compressed oops, compressed class ptrs, g1 gc, windows-amd64)
GC Precious Log:
 CardTable entry size: 512
 Card Set container configuration: InlinePtr #cards 5 size 8 Array Of Cards #cards 12 size 40 Howl #buckets 4 coarsen threshold 1843 Howl Bitmap #cards 512 size 80 coarsen threshold 460 Card regions per heap region 1 cards per card region 2048
 CPUs: 16 total, 16 available
 Memory: 6005M
 Large Page Support: Disabled
 NUMA Support: Disabled
 Compressed Oops: Enabled (32-bit)
 Heap Region Size: 1M
 Heap Min Capacity: 8M
 Heap Initial Capacity: 94M
 Heap Max Capacity: 1G
 Pre-touch: Disabled
 Parallel Workers: 13
 Concurrent Workers: 3
 Concurrent Refinement Workers: 13
 Periodic GC: Disabled
Heap:
 garbage-first heap   total 409600K, used 362080K [0x00000000c0000000, 0x0000000100000000)
  region size 1024K, 116 young (118784K), 12 survivors (12288K)
 Metaspace       used 180829K, committed 183936K, reserved 409600K
  class space    used 23921K, committed 25472K, reserved 212992K
GC Heap History (20 events):
Event: 309.534 GC heap before
{Heap before GC invocations=57 (full 0):
 garbage-first heap   total 280576K, used 252891K [0x00000000c0000000, 0x0000000100000000)
  region size 1024K, 97 young (99328K), 13 survivors (13312K)
 Metaspace       used 162784K, committed 165632K, reserved 409600K
  class space    used 21513K, committed 22912K, reserved 212992K
}
Event: 309.564 GC heap after
{Heap after GC invocations=58 (full 0):
 garbage-first heap   total 280576K, used 170675K [0x00000000c0000000, 0x0000000100000000)
  region size 1024K, 11 young (11264K), 11 survivors (11264K)
 Metaspace       used 162784K, committed 165632K, reserved 409600K
  class space    used 21513K, committed 22912K, reserved 212992K
}
Event: 408.552 GC heap before
{Heap before GC invocations=58 (full 0):
 garbage-first heap   total 280576K, used 258739K [0x00000000c0000000, 0x0000000100000000)
  region size 1024K, 98 young (100352K), 11 survivors (11264K)
 Metaspace       used 164299K, committed 167168K, reserved 409600K
  class space    used 21684K, committed 23104K, reserved 212992K
}
Event: 408.807 GC heap after
{Heap after GC invocations=59 (full 0):
 garbage-first heap   total 281600K, used 174198K [0x00000000c0000000, 0x0000000100000000)
  region size 1024K, 13 young (13312K), 13 survivors (13312K)
 Metaspace       used 164299K, committed 167168K, reserved 409600K
  class space    used 21684K, committed 23104K, reserved 212992K
}
Event: 413.999 GC heap before
{Heap before GC invocations=59 (full 0):
 garbage-first heap   total 281600K, used 193654K [0x00000000c0000000, 0x0000000100000000)
  region size 1024K, 33 young (33792K), 13 survivors (13312K)
 Metaspace       used 164719K, committed 167616K, reserved 409600K
  class space    used 21739K, committed 23168K, reserved 212992K
}
Event: 414.071 GC heap after
{Heap after GC invocations=60 (full 0):
 garbage-first heap   total 281600K, used 176895K [0x00000000c0000000, 0x0000000100000000)
  region size 1024K, 4 young (4096K), 4 survivors (4096K)
 Metaspace       used 164719K, committed 167616K, reserved 409600K
  class space    used 21739K, committed 23168K, reserved 212992K
}
Event: 420.674 GC heap before
{Heap before GC invocations=61 (full 0):
 garbage-first heap   total 299008K, used 265983K [0x00000000c0000000, 0x0000000100000000)
  region size 1024K, 88 young (90112K), 4 survivors (4096K)
 Metaspace       used 167548K, committed 170432K, reserved 409600K
  class space    used 22141K, committed 23552K, reserved 212992K
}
Event: 420.685 GC heap after
{Heap after GC invocations=62 (full 0):
 garbage-first heap   total 299008K, used 195297K [0x00000000c0000000, 0x0000000100000000)
  region size 1024K, 11 young (11264K), 11 survivors (11264K)
 Metaspace       used 167548K, committed 170432K, reserved 409600K
  class space    used 22141K, committed 23552K, reserved 212992K
}
Event: 421.960 GC heap before
{Heap before GC invocations=62 (full 0):
 garbage-first heap   total 299008K, used 278241K [0x00000000c0000000, 0x0000000100000000)
  region size 1024K, 89 young (91136K), 11 survivors (11264K)
 Metaspace       used 168154K, committed 171072K, reserved 409600K
  class space    used 22198K, committed 23616K, reserved 212992K
}
Event: 421.977 GC heap after
{Heap after GC invocations=63 (full 0):
 garbage-first heap   total 310272K, used 211395K [0x00000000c0000000, 0x0000000100000000)
  region size 1024K, 12 young (12288K), 12 survivors (12288K)
 Metaspace       used 168154K, committed 171072K, reserved 409600K
  class space    used 22198K, committed 23616K, reserved 212992K
}
Event: 430.668 GC heap before
{Heap before GC invocations=63 (full 0):
 garbage-first heap   total 310272K, used 252355K [0x00000000c0000000, 0x0000000100000000)
  region size 1024K, 53 young (54272K), 12 survivors (12288K)
 Metaspace       used 168431K, committed 171456K, reserved 409600K
  class space    used 22225K, committed 23680K, reserved 212992K
}
Event: 430.685 GC heap after
{Heap after GC invocations=64 (full 0):
 garbage-first heap   total 310272K, used 218576K [0x00000000c0000000, 0x0000000100000000)
  region size 1024K, 7 young (7168K), 7 survivors (7168K)
 Metaspace       used 168431K, committed 171456K, reserved 409600K
  class space    used 22225K, committed 23680K, reserved 212992K
}
Event: 463.100 GC heap before
{Heap before GC invocations=65 (full 0):
 garbage-first heap   total 370688K, used 287184K [0x00000000c0000000, 0x0000000100000000)
  region size 1024K, 72 young (73728K), 7 survivors (7168K)
 Metaspace       used 169392K, committed 172416K, reserved 409600K
  class space    used 22367K, committed 23808K, reserved 212992K
}
Event: 463.154 GC heap after
{Heap after GC invocations=66 (full 0):
 garbage-first heap   total 370688K, used 228992K [0x00000000c0000000, 0x0000000100000000)
  region size 1024K, 9 young (9216K), 9 survivors (9216K)
 Metaspace       used 169392K, committed 172416K, reserved 409600K
  class space    used 22367K, committed 23808K, reserved 212992K
}
Event: 467.315 GC heap before
{Heap before GC invocations=66 (full 0):
 garbage-first heap   total 370688K, used 321152K [0x00000000c0000000, 0x0000000100000000)
  region size 1024K, 98 young (100352K), 9 survivors (9216K)
 Metaspace       used 172427K, committed 175552K, reserved 409600K
  class space    used 22793K, committed 24320K, reserved 212992K
}
Event: 467.347 GC heap after
{Heap after GC invocations=67 (full 0):
 garbage-first heap   total 370688K, used 235234K [0x00000000c0000000, 0x0000000100000000)
  region size 1024K, 8 young (8192K), 8 survivors (8192K)
 Metaspace       used 172427K, committed 175552K, reserved 409600K
  class space    used 22793K, committed 24320K, reserved 212992K
}
Event: 469.955 GC heap before
{Heap before GC invocations=67 (full 0):
 garbage-first heap   total 370688K, used 326370K [0x00000000c0000000, 0x0000000100000000)
  region size 1024K, 97 young (99328K), 8 survivors (8192K)
 Metaspace       used 176576K, committed 179648K, reserved 409600K
  class space    used 23351K, committed 24832K, reserved 212992K
}
Event: 469.986 GC heap after
{Heap after GC invocations=68 (full 0):
 garbage-first heap   total 370688K, used 244192K [0x00000000c0000000, 0x0000000100000000)
  region size 1024K, 9 young (9216K), 9 survivors (9216K)
 Metaspace       used 176576K, committed 179648K, reserved 409600K
  class space    used 23351K, committed 24832K, reserved 212992K
}
Event: 471.237 GC heap before
{Heap before GC invocations=69 (full 0):
 garbage-first heap   total 409600K, used 332256K [0x00000000c0000000, 0x0000000100000000)
  region size 1024K, 95 young (97280K), 9 survivors (9216K)
 Metaspace       used 179060K, committed 182208K, reserved 409600K
  class space    used 23678K, committed 25216K, reserved 212992K
}
Event: 471.251 GC heap after
{Heap after GC invocations=70 (full 0):
 garbage-first heap   total 409600K, used 256608K [0x00000000c0000000, 0x0000000100000000)
  region size 1024K, 12 young (12288K), 12 survivors (12288K)
 Metaspace       used 179060K, committed 182208K, reserved 409600K
  class space    used 23678K, committed 25216K, reserved 212992K
}

