# JRE version: OpenJDK Runtime Environment Temurin-21.0.10+7 (21.0.10+7) (build 21.0.10+7-LTS)
# Java VM: OpenJDK 64-Bit Server VM Temurin-21.0.10+7 (21.0.10+7-LTS, mixed mode, sharing, tiered, compressed oops, compressed class ptrs, g1 gc, windows-amd64)
GC Precious Log:
 CardTable entry size: 512
 Card Set container configuration: InlinePtr #cards 5 size 8 Array Of Cards #cards 12 size 40 Howl #buckets 4 coarsen threshold 1843 Howl Bitmap #cards 512 size 80 coarsen threshold 460 Card regions per heap region 1 cards per card region 2048
 CPUs: 16 total, 16 available
 Memory: 6005M
 Large Page Support: Disabled
 NUMA Support: Disabled
 Compressed Oops: Enabled (32-bit)
 Heap Region Size: 1M
 Heap Min Capacity: 8M
 Heap Initial Capacity: 94M
 Heap Max Capacity: 1G
 Pre-touch: Disabled
 Parallel Workers: 13
 Concurrent Workers: 3
 Concurrent Refinement Workers: 13
 Periodic GC: Disabled
Heap:
 garbage-first heap   total 247808K, used 184689K [0x00000000c0000000, 0x0000000100000000)
  region size 1024K, 11 young (11264K), 6 survivors (6144K)
 Metaspace       used 98133K, committed 100608K, reserved 344064K
  class space    used 14013K, committed 15168K, reserved 212992K
GC Heap History (20 events):
Event: 68.831 GC heap before
{Heap before GC invocations=38 (full 0):
 garbage-first heap   total 160768K, used 118286K [0x00000000c0000000, 0x0000000100000000)
  region size 1024K, 21 young (21504K), 3 survivors (3072K)
 Metaspace       used 86463K, committed 88768K, reserved 344064K
  class space    used 12320K, committed 13440K, reserved 212992K
}
Event: 68.848 GC heap after
{Heap after GC invocations=39 (full 0):
 garbage-first heap   total 160768K, used 103472K [0x00000000c0000000, 0x0000000100000000)
  region size 1024K, 6 young (6144K), 6 survivors (6144K)
 Metaspace       used 86463K, committed 88768K, reserved 344064K
  class space    used 12320K, committed 13440K, reserved 212992K
}
Event: 70.957 GC heap before
{Heap before GC invocations=40 (full 0):
 garbage-first heap   total 176128K, used 146480K [0x00000000c0000000, 0x0000000100000000)
  region size 1024K, 47 young (48128K), 6 survivors (6144K)
 Metaspace       used 89220K, committed 91520K, reserved 344064K
  class space    used 12850K, committed 14016K, reserved 212992K
}
Event: 70.971 GC heap after
{Heap after GC invocations=41 (full 0):
 garbage-first heap   total 176128K, used 105831K [0x00000000c0000000, 0x0000000100000000)
  region size 1024K, 5 young (5120K), 5 survivors (5120K)
 Metaspace       used 89220K, committed 91520K, reserved 344064K
  class space    used 12850K, committed 14016K, reserved 212992K
}
Event: 74.080 GC heap before
{Heap before GC invocations=41 (full 0):
 garbage-first heap   total 176128K, used 158055K [0x00000000c0000000, 0x0000000100000000)
  region size 1024K, 56 young (57344K), 5 survivors (5120K)
 Metaspace       used 92190K, committed 94464K, reserved 344064K
  class space    used 13273K, committed 14400K, reserved 212992K
}
Event: 74.248 GC heap after
{Heap after GC invocations=42 (full 0):
 garbage-first heap   total 176128K, used 109667K [0x00000000c0000000, 0x0000000100000000)
  region size 1024K, 7 young (7168K), 7 survivors (7168K)
 Metaspace       used 92190K, committed 94464K, reserved 344064K
  class space    used 13273K, committed 14400K, reserved 212992K
}
Event: 80.325 GC heap before
{Heap before GC invocations=42 (full 0):
 garbage-first heap   total 176128K, used 150627K [0x00000000c0000000, 0x0000000100000000)
  region size 1024K, 48 young (49152K), 7 survivors (7168K)
 Metaspace       used 93186K, committed 95552K, reserved 344064K
  class space    used 13371K, committed 14528K, reserved 212992K
}
Event: 80.343 GC heap after
{Heap after GC invocations=43 (full 0):
 garbage-first heap   total 176128K, used 116451K [0x00000000c0000000, 0x0000000100000000)
  region size 1024K, 7 young (7168K), 7 survivors (7168K)
 Metaspace       used 93186K, committed 95552K, reserved 344064K
  class space    used 13371K, committed 14528K, reserved 212992K
}
Event: 81.471 GC heap before
{Heap before GC invocations=44 (full 0):
 garbage-first heap   total 196608K, used 162531K [0x00000000c0000000, 0x0000000100000000)
  region size 1024K, 50 young (51200K), 7 survivors (7168K)
 Metaspace       used 95372K, committed 97728K, reserved 344064K
  class space    used 13662K, committed 14784K, reserved 212992K
}
Event: 81.478 GC heap after
{Heap after GC invocations=45 (full 0):
 garbage-first heap   total 196608K, used 126438K [0x00000000c0000000, 0x0000000100000000)
  region size 1024K, 7 young (7168K), 7 survivors (7168K)
 Metaspace       used 95372K, committed 97728K, reserved 344064K
  class space    used 13662K, committed 14784K, reserved 212992K
}
Event: 83.197 GC heap before
{Heap before GC invocations=45 (full 0):
 garbage-first heap   total 196608K, used 177638K [0x00000000c0000000, 0x0000000100000000)
  region size 1024K, 54 young (55296K), 7 survivors (7168K)
 Metaspace       used 96333K, committed 98752K, reserved 344064K
  class space    used 13799K, committed 14976K, reserved 212992K
}
Event: 83.236 GC heap after
{Heap after GC invocations=46 (full 0):
 garbage-first heap   total 200704K, used 142263K [0x00000000c0000000, 0x0000000100000000)
  region size 1024K, 7 young (7168K), 7 survivors (7168K)
 Metaspace       used 96333K, committed 98752K, reserved 344064K
  class space    used 13799K, committed 14976K, reserved 212992K
}
Event: 83.914 GC heap before
{Heap before GC invocations=46 (full 0):
 garbage-first heap   total 200704K, used 162743K [0x00000000c0000000, 0x0000000100000000)
  region size 1024K, 29 young (29696K), 7 survivors (7168K)
 Metaspace       used 96477K, committed 98880K, reserved 344064K
  class space    used 13805K, committed 14976K, reserved 212992K
}
Event: 83.923 GC heap after
{Heap after GC invocations=47 (full 0):
 garbage-first heap   total 200704K, used 145913K [0x00000000c0000000, 0x0000000100000000)
  region size 1024K, 3 young (3072K), 3 survivors (3072K)
 Metaspace       used 96477K, committed 98880K, reserved 344064K
  class space    used 13805K, committed 14976K, reserved 212992K
}
Event: 86.719 GC heap before
{Heap before GC invocations=48 (full 0):
 garbage-first heap   total 247808K, used 184825K [0x00000000c0000000, 0x0000000100000000)
  region size 1024K, 38 young (38912K), 3 survivors (3072K)
 Metaspace       used 96743K, committed 99136K, reserved 344064K
  class space    used 13833K, committed 14976K, reserved 212992K
}
Event: 86.738 GC heap after
{Heap after GC invocations=49 (full 0):
 garbage-first heap   total 247808K, used 159504K [0x00000000c0000000, 0x0000000100000000)
  region size 1024K, 5 young (5120K), 5 survivors (5120K)
 Metaspace       used 96743K, committed 99136K, reserved 344064K
  class space    used 13833K, committed 14976K, reserved 212992K
}
Event: 89.127 GC heap before
{Heap before GC invocations=49 (full 0):
 garbage-first heap   total 247808K, used 209680K [0x00000000c0000000, 0x0000000100000000)
  region size 1024K, 53 young (54272K), 5 survivors (5120K)
 Metaspace       used 97295K, committed 99776K, reserved 344064K
  class space    used 13897K, committed 15104K, reserved 212992K
}
Event: 89.143 GC heap after
{Heap after GC invocations=50 (full 0):
 garbage-first heap   total 247808K, used 172525K [0x00000000c0000000, 0x0000000100000000)
  region size 1024K, 7 young (7168K), 7 survivors (7168K)
 Metaspace       used 97295K, committed 99776K, reserved 344064K
  class space    used 13897K, committed 15104K, reserved 212992K
}
Event: 90.223 GC heap before
{Heap before GC invocations=50 (full 0):
 garbage-first heap   total 247808K, used 207341K [0x00000000c0000000, 0x0000000100000000)
  region size 1024K, 42 young (43008K), 7 survivors (7168K)
 Metaspace       used 97927K, committed 100416K, reserved 344064K
  class space    used 13980K, committed 15168K, reserved 212992K
}
Event: 90.243 GC heap after
{Heap after GC invocations=51 (full 0):
 garbage-first heap   total 247808K, used 179569K [0x00000000c0000000, 0x0000000100000000)
  region size 1024K, 6 young (6144K), 6 survivors (6144K)
 Metaspace       used 97927K, committed 100416K, reserved 344064K
  class space    used 13980K, committed 15168K, reserved 212992K
}

