# JRE version: OpenJDK Runtime Environment Temurin-21.0.10+7 (21.0.10+7) (build 21.0.10+7-LTS)
# Java VM: OpenJDK 64-Bit Server VM Temurin-21.0.10+7 (21.0.10+7-LTS, mixed mode, sharing, tiered, compressed oops, compressed class ptrs, parallel gc, windows-amd64)
GC Precious Log:
 CardTable entry size: 512
 CPUs: 16 total, 16 available
 Memory: 6005M
 Large Page Support: Disabled
 NUMA Support: Disabled
 Compressed Oops: Enabled (32-bit)
 Alignments: Space 512K, Generation 512K, Heap 2M
 Heap Min Capacity: 100M
 Heap Initial Capacity: 100M
 Heap Max Capacity: 2G
 Pre-touch: Disabled
 Parallel Workers: 13
Heap:
 PSYoungGen      total 6144K, used 5852K [0x00000000d5580000, 0x00000000d5d00000, 0x0000000100000000)
  eden space 5120K, 96% used [0x00000000d5580000,0x00000000d5a54cc0,0x00000000d5a80000)
  from space 1024K, 88% used [0x00000000d5b80000,0x00000000d5c626d0,0x00000000d5c80000)
  to   space 1024K, 98% used [0x00000000d5a80000,0x00000000d5b7c350,0x00000000d5b80000)
 ParOldGen       total 600576K, used 600575K [0x0000000080000000, 0x00000000a4a80000, 0x00000000d5580000)
  object space 600576K, 99% used [0x0000000080000000,0x00000000a4a7fd38,0x00000000a4a80000)
 Metaspace       used 86941K, committed 88640K, reserved 1179648K
  class space    used 10334K, committed 11072K, reserved 1048576K
GC Heap History (20 events):
Event: 585.810 GC heap before
{Heap before GC invocations=852 (full 3):
 PSYoungGen      total 4096K, used 3750K [0x00000000d5580000, 0x00000000d5b80000, 0x0000000100000000)
  eden space 2560K, 100% used [0x00000000d5580000,0x00000000d5800000,0x00000000d5800000)
  from space 1536K, 77% used [0x00000000d5a00000,0x00000000d5b29810,0x00000000d5b80000)
  to   space 1536K, 0% used [0x00000000d5880000,0x00000000d5880000,0x00000000d5a00000)
 ParOldGen       total 594432K, used 594348K [0x0000000080000000, 0x00000000a4480000, 0x00000000d5580000)
  object space 594432K, 99% used [0x0000000080000000,0x00000000a446b0e0,0x00000000a4480000)
 Metaspace       used 86922K, committed 88576K, reserved 1179648K
  class space    used 10334K, committed 11072K, reserved 1048576K
}
Event: 585.812 GC heap after
{Heap after GC invocations=852 (full 3):
 PSYoungGen      total 4096K, used 600K [0x00000000d5580000, 0x00000000d5a80000, 0x0000000100000000)
  eden space 3072K, 0% used [0x00000000d5580000,0x00000000d5580000,0x00000000d5880000)
  from space 1024K, 58% used [0x00000000d5880000,0x00000000d59160a8,0x00000000d5980000)
  to   space 1024K, 0% used [0x00000000d5980000,0x00000000d5980000,0x00000000d5a80000)
 ParOldGen       total 595968K, used 595493K [0x0000000080000000, 0x00000000a4600000, 0x00000000d5580000)
  object space 595968K, 99% used [0x0000000080000000,0x00000000a45894b8,0x00000000a4600000)
 Metaspace       used 86922K, committed 88576K, reserved 1179648K
  class space    used 10334K, committed 11072K, reserved 1048576K
}
Event: 585.816 GC heap before
{Heap before GC invocations=853 (full 3):
 PSYoungGen      total 4096K, used 3672K [0x00000000d5580000, 0x00000000d5a80000, 0x0000000100000000)
  eden space 3072K, 100% used [0x00000000d5580000,0x00000000d5880000,0x00000000d5880000)
  from space 1024K, 58% used [0x00000000d5880000,0x00000000d59160a8,0x00000000d5980000)
  to   space 1024K, 0% used [0x00000000d5980000,0x00000000d5980000,0x00000000d5a80000)
 ParOldGen       total 595968K, used 595493K [0x0000000080000000, 0x00000000a4600000, 0x00000000d5580000)
  object space 595968K, 99% used [0x0000000080000000,0x00000000a45894b8,0x00000000a4600000)
 Metaspace       used 86925K, committed 88576K, reserved 1179648K
  class space    used 10334K, committed 11072K, reserved 1048576K
}
Event: 585.818 GC heap after
{Heap after GC invocations=853 (full 3):
 PSYoungGen      total 3072K, used 992K [0x00000000d5580000, 0x00000000d5d80000, 0x0000000100000000)
  eden space 2048K, 0% used [0x00000000d5580000,0x00000000d5580000,0x00000000d5780000)
  from space 1024K, 96% used [0x00000000d5980000,0x00000000d5a78300,0x00000000d5a80000)
  to   space 2048K, 0% used [0x00000000d5780000,0x00000000d5780000,0x00000000d5980000)
 ParOldGen       total 596480K, used 596149K [0x0000000080000000, 0x00000000a4680000, 0x00000000d5580000)
  object space 596480K, 99% used [0x0000000080000000,0x00000000a462d568,0x00000000a4680000)
 Metaspace       used 86925K, committed 88576K, reserved 1179648K
  class space    used 10334K, committed 11072K, reserved 1048576K
}
Event: 585.822 GC heap before
{Heap before GC invocations=854 (full 3):
 PSYoungGen      total 3072K, used 3040K [0x00000000d5580000, 0x00000000d5d80000, 0x0000000100000000)
  eden space 2048K, 100% used [0x00000000d5580000,0x00000000d5780000,0x00000000d5780000)
  from space 1024K, 96% used [0x00000000d5980000,0x00000000d5a78300,0x00000000d5a80000)
  to   space 2048K, 0% used [0x00000000d5780000,0x00000000d5780000,0x00000000d5980000)
 ParOldGen       total 596480K, used 596149K [0x0000000080000000, 0x00000000a4680000, 0x00000000d5580000)
  object space 596480K, 99% used [0x0000000080000000,0x00000000a462d568,0x00000000a4680000)
 Metaspace       used 86925K, committed 88576K, reserved 1179648K
  class space    used 10334K, committed 11072K, reserved 1048576K
}
Event: 585.824 GC heap after
{Heap after GC invocations=854 (full 3):
 PSYoungGen      total 4096K, used 1224K [0x00000000d5580000, 0x00000000d5b00000, 0x0000000100000000)
  eden space 2048K, 0% used [0x00000000d5580000,0x00000000d5580000,0x00000000d5780000)
  from space 2048K, 59% used [0x00000000d5780000,0x00000000d58b2340,0x00000000d5980000)
  to   space 1536K, 0% used [0x00000000d5980000,0x00000000d5980000,0x00000000d5b00000)
 ParOldGen       total 596480K, used 596405K [0x0000000080000000, 0x00000000a4680000, 0x00000000d5580000)
  object space 596480K, 99% used [0x0000000080000000,0x00000000a466d568,0x00000000a4680000)
 Metaspace       used 86925K, committed 88576K, reserved 1179648K
  class space    used 10334K, committed 11072K, reserved 1048576K
}
Event: 585.829 GC heap before
{Heap before GC invocations=855 (full 3):
 PSYoungGen      total 4096K, used 3272K [0x00000000d5580000, 0x00000000d5b00000, 0x0000000100000000)
  eden space 2048K, 100% used [0x00000000d5580000,0x00000000d5780000,0x00000000d5780000)
  from space 2048K, 59% used [0x00000000d5780000,0x00000000d58b2340,0x00000000d5980000)
  to   space 1536K, 0% used [0x00000000d5980000,0x00000000d5980000,0x00000000d5b00000)
 ParOldGen       total 596480K, used 596405K [0x0000000080000000, 0x00000000a4680000, 0x00000000d5580000)
  object space 596480K, 99% used [0x0000000080000000,0x00000000a466d568,0x00000000a4680000)
 Metaspace       used 86925K, committed 88576K, reserved 1179648K
  class space    used 10334K, committed 11072K, reserved 1048576K
}
Event: 585.831 GC heap after
{Heap after GC invocations=855 (full 3):
 PSYoungGen      total 3072K, used 416K [0x00000000d5580000, 0x00000000d5a00000, 0x0000000100000000)
  eden space 2560K, 0% used [0x00000000d5580000,0x00000000d5580000,0x00000000d5800000)
  from space 512K, 81% used [0x00000000d5980000,0x00000000d59e8000,0x00000000d5a00000)
  to   space 1024K, 0% used [0x00000000d5800000,0x00000000d5800000,0x00000000d5900000)
 ParOldGen       total 598016K, used 597604K [0x0000000080000000, 0x00000000a4800000, 0x00000000d5580000)
  object space 598016K, 99% used [0x0000000080000000,0x00000000a47992f0,0x00000000a4800000)
 Metaspace       used 86925K, committed 88576K, reserved 1179648K
  class space    used 10334K, committed 11072K, reserved 1048576K
}
Event: 585.836 GC heap before
{Heap before GC invocations=856 (full 3):
 PSYoungGen      total 3072K, used 2976K [0x00000000d5580000, 0x00000000d5a00000, 0x0000000100000000)
  eden space 2560K, 100% used [0x00000000d5580000,0x00000000d5800000,0x00000000d5800000)
  from space 512K, 81% used [0x00000000d5980000,0x00000000d59e8000,0x00000000d5a00000)
  to   space 1024K, 0% used [0x00000000d5800000,0x00000000d5800000,0x00000000d5900000)
 ParOldGen       total 598016K, used 597604K [0x0000000080000000, 0x00000000a4800000, 0x00000000d5580000)
  object space 598016K, 99% used [0x0000000080000000,0x00000000a47992f0,0x00000000a4800000)
 Metaspace       used 86931K, committed 88640K, reserved 1179648K
  class space    used 10334K, committed 11072K, reserved 1048576K
}
Event: 585.837 GC heap after
{Heap after GC invocations=856 (full 3):
 PSYoungGen      total 3584K, used 544K [0x00000000d5580000, 0x00000000d5a80000, 0x0000000100000000)
  eden space 2560K, 0% used [0x00000000d5580000,0x00000000d5580000,0x00000000d5800000)
  from space 1024K, 53% used [0x00000000d5800000,0x00000000d5888000,0x00000000d5900000)
  to   space 1024K, 0% used [0x00000000d5980000,0x00000000d5980000,0x00000000d5a80000)
 ParOldGen       total 598016K, used 597892K [0x0000000080000000, 0x00000000a4800000, 0x00000000d5580000)
  object space 598016K, 99% used [0x0000000080000000,0x00000000a47e12f0,0x00000000a4800000)
 Metaspace       used 86931K, committed 88640K, reserved 1179648K
  class space    used 10334K, committed 11072K, reserved 1048576K
}
Event: 585.840 GC heap before
{Heap before GC invocations=857 (full 3):
 PSYoungGen      total 3584K, used 3062K [0x00000000d5580000, 0x00000000d5a80000, 0x0000000100000000)
  eden space 2560K, 98% used [0x00000000d5580000,0x00000000d57f5870,0x00000000d5800000)
  from space 1024K, 53% used [0x00000000d5800000,0x00000000d5888000,0x00000000d5900000)
  to   space 1024K, 0% used [0x00000000d5980000,0x00000000d5980000,0x00000000d5a80000)
 ParOldGen       total 598016K, used 597892K [0x0000000080000000, 0x00000000a4800000, 0x00000000d5580000)
  object space 598016K, 99% used [0x0000000080000000,0x00000000a47e12f0,0x00000000a4800000)
 Metaspace       used 86931K, committed 88640K, reserved 1179648K
  class space    used 10334K, committed 11072K, reserved 1048576K
}
Event: 585.843 GC heap after
{Heap after GC invocations=857 (full 3):
 PSYoungGen      total 4096K, used 838K [0x00000000d5580000, 0x00000000d5a80000, 0x0000000100000000)
  eden space 3072K, 0% used [0x00000000d5580000,0x00000000d5580000,0x00000000d5880000)
  from space 1024K, 81% used [0x00000000d5980000,0x00000000d5a51b20,0x00000000d5a80000)
  to   space 1024K, 0% used [0x00000000d5880000,0x00000000d5880000,0x00000000d5980000)
 ParOldGen       total 598528K, used 598398K [0x0000000080000000, 0x00000000a4880000, 0x00000000d5580000)
  object space 598528K, 99% used [0x0000000080000000,0x00000000a485fa08,0x00000000a4880000)
 Metaspace       used 86931K, committed 88640K, reserved 1179648K
  class space    used 10334K, committed 11072K, reserved 1048576K
}
Event: 585.848 GC heap before
{Heap before GC invocations=858 (full 3):
 PSYoungGen      total 4096K, used 3910K [0x00000000d5580000, 0x00000000d5a80000, 0x0000000100000000)
  eden space 3072K, 100% used [0x00000000d5580000,0x00000000d5880000,0x00000000d5880000)
  from space 1024K, 81% used [0x00000000d5980000,0x00000000d5a51b20,0x00000000d5a80000)
  to   space 1024K, 0% used [0x00000000d5880000,0x00000000d5880000,0x00000000d5980000)
 ParOldGen       total 598528K, used 598398K [0x0000000080000000, 0x00000000a4880000, 0x00000000d5580000)
  object space 598528K, 99% used [0x0000000080000000,0x00000000a485fa08,0x00000000a4880000)
 Metaspace       used 86931K, committed 88640K, reserved 1179648K
  class space    used 10334K, committed 11072K, reserved 1048576K
}
Event: 585.850 GC heap after
{Heap after GC invocations=858 (full 3):
 PSYoungGen      total 4096K, used 994K [0x00000000d5580000, 0x00000000d5c80000, 0x0000000100000000)
  eden space 3072K, 0% used [0x00000000d5580000,0x00000000d5580000,0x00000000d5880000)
  from space 1024K, 97% used [0x00000000d5880000,0x00000000d5978b38,0x00000000d5980000)
  to   space 1536K, 0% used [0x00000000d5b00000,0x00000000d5b00000,0x00000000d5c80000)
 ParOldGen       total 599040K, used 598718K [0x0000000080000000, 0x00000000a4900000, 0x00000000d5580000)
  object space 599040K, 99% used [0x0000000080000000,0x00000000a48afa08,0x00000000a4900000)
 Metaspace       used 86931K, committed 88640K, reserved 1179648K
  class space    used 10334K, committed 11072K, reserved 1048576K
}
Event: 585.856 GC heap before
{Heap before GC invocations=859 (full 3):
 PSYoungGen      total 4096K, used 4066K [0x00000000d5580000, 0x00000000d5c80000, 0x0000000100000000)
  eden space 3072K, 100% used [0x00000000d5580000,0x00000000d5880000,0x00000000d5880000)
  from space 1024K, 97% used [0x00000000d5880000,0x00000000d5978b38,0x00000000d5980000)
  to   space 1536K, 0% used [0x00000000d5b00000,0x00000000d5b00000,0x00000000d5c80000)
 ParOldGen       total 599040K, used 598718K [0x0000000080000000, 0x00000000a4900000, 0x00000000d5580000)
  object space 599040K, 99% used [0x0000000080000000,0x00000000a48afa08,0x00000000a4900000)
 Metaspace       used 86934K, committed 88640K, reserved 1179648K
  class space    used 10334K, committed 11072K, reserved 1048576K
}
Event: 585.858 GC heap after
{Heap after GC invocations=859 (full 3):
 PSYoungGen      total 5120K, used 650K [0x00000000d5580000, 0x00000000d5c00000, 0x0000000100000000)
  eden space 4096K, 0% used [0x00000000d5580000,0x00000000d5580000,0x00000000d5980000)
  from space 1024K, 63% used [0x00000000d5b00000,0x00000000d5ba2bc0,0x00000000d5c00000)
  to   space 1024K, 0% used [0x00000000d5a00000,0x00000000d5a00000,0x00000000d5b00000)
 ParOldGen       total 599552K, used 599429K [0x0000000080000000, 0x00000000a4980000, 0x00000000d5580000)
  object space 599552K, 99% used [0x0000000080000000,0x00000000a4961500,0x00000000a4980000)
 Metaspace       used 86934K, committed 88640K, reserved 1179648K
  class space    used 10334K, committed 11072K, reserved 1048576K
}
Event: 585.866 GC heap before
{Heap before GC invocations=860 (full 3):
 PSYoungGen      total 5120K, used 4746K [0x00000000d5580000, 0x00000000d5c00000, 0x0000000100000000)
  eden space 4096K, 100% used [0x00000000d5580000,0x00000000d5980000,0x00000000d5980000)
  from space 1024K, 63% used [0x00000000d5b00000,0x00000000d5ba2bc0,0x00000000d5c00000)
  to   space 1024K, 0% used [0x00000000d5a00000,0x00000000d5a00000,0x00000000d5b00000)
 ParOldGen       total 599552K, used 599429K [0x0000000080000000, 0x00000000a4980000, 0x00000000d5580000)
  object space 599552K, 99% used [0x0000000080000000,0x00000000a4961500,0x00000000a4980000)
 Metaspace       used 86935K, committed 88640K, reserved 1179648K
  class space    used 10334K, committed 11072K, reserved 1048576K
}
Event: 585.868 GC heap after
{Heap after GC invocations=860 (full 3):
 PSYoungGen      total 5632K, used 640K [0x00000000d5580000, 0x00000000d5c80000, 0x0000000100000000)
  eden space 4608K, 0% used [0x00000000d5580000,0x00000000d5580000,0x00000000d5a00000)
  from space 1024K, 62% used [0x00000000d5a00000,0x00000000d5aa0000,0x00000000d5b00000)
  to   space 1024K, 0% used [0x00000000d5b80000,0x00000000d5b80000,0x00000000d5c80000)
 ParOldGen       total 600064K, used 599928K [0x0000000080000000, 0x00000000a4a00000, 0x00000000d5580000)
  object space 600064K, 99% used [0x0000000080000000,0x00000000a49de0c0,0x00000000a4a00000)
 Metaspace       used 86935K, committed 88640K, reserved 1179648K
  class space    used 10334K, committed 11072K, reserved 1048576K
}
Event: 585.874 GC heap before
{Heap before GC invocations=861 (full 3):
 PSYoungGen      total 5632K, used 5248K [0x00000000d5580000, 0x00000000d5c80000, 0x0000000100000000)
  eden space 4608K, 100% used [0x00000000d5580000,0x00000000d5a00000,0x00000000d5a00000)
  from space 1024K, 62% used [0x00000000d5a00000,0x00000000d5aa0000,0x00000000d5b00000)
  to   space 1024K, 0% used [0x00000000d5b80000,0x00000000d5b80000,0x00000000d5c80000)
 ParOldGen       total 600064K, used 599928K [0x0000000080000000, 0x00000000a4a00000, 0x00000000d5580000)
  object space 600064K, 99% used [0x0000000080000000,0x00000000a49de0c0,0x00000000a4a00000)
 Metaspace       used 86939K, committed 88640K, reserved 1179648K
  class space    used 10334K, committed 11072K, reserved 1048576K
}
Event: 586.968 GC heap after
{Heap after GC invocations=861 (full 3):
 PSYoungGen      total 6144K, used 905K [0x00000000d5580000, 0x00000000d5d00000, 0x0000000100000000)
  eden space 5120K, 0% used [0x00000000d5580000,0x00000000d5580000,0x00000000d5a80000)
  from space 1024K, 88% used [0x00000000d5b80000,0x00000000d5c626d0,0x00000000d5c80000)
  to   space 1024K, 0% used [0x00000000d5a80000,0x00000000d5a80000,0x00000000d5b80000)
 ParOldGen       total 600576K, used 600399K [0x0000000080000000, 0x00000000a4a80000, 0x00000000d5580000)
  object space 600576K, 99% used [0x0000000080000000,0x00000000a4a53d38,0x00000000a4a80000)
 Metaspace       used 86939K, committed 88640K, reserved 1179648K
  class space    used 10334K, committed 11072K, reserved 1048576K
}

