# JRE version: OpenJDK Runtime Environment Temurin-21.0.10+7 (21.0.10+7) (build 21.0.10+7-LTS)
# Java VM: OpenJDK 64-Bit Server VM Temurin-21.0.10+7 (21.0.10+7-LTS, mixed mode, sharing, tiered, compressed oops, compressed class ptrs, parallel gc, windows-amd64)
GC Precious Log:
 CardTable entry size: 512
 CPUs: 16 total, 16 available
 Memory: 6005M
 Large Page Support: Disabled
 NUMA Support: Disabled
 Compressed Oops: Enabled (32-bit)
 Alignments: Space 512K, Generation 512K, Heap 2M
 Heap Min Capacity: 100M
 Heap Initial Capacity: 100M
 Heap Max Capacity: 2G
 Pre-touch: Disabled
 Parallel Workers: 13
Heap:
 PSYoungGen      total 9728K, used 2542K [0x00000000d5580000, 0x00000000d6400000, 0x0000000100000000)
  eden space 7168K, 3% used [0x00000000d5580000,0x00000000d55be100,0x00000000d5c80000)
  from space 2560K, 89% used [0x00000000d6180000,0x00000000d63bd818,0x00000000d6400000)
  to   space 3072K, 0% used [0x00000000d5e00000,0x00000000d5e00000,0x00000000d6100000)
 ParOldGen       total 1364480K, used 713744K [0x0000000080000000, 0x00000000d3480000, 0x00000000d5580000)
  object space 1364480K, 52% used [0x0000000080000000,0x00000000ab904090,0x00000000d3480000)
 Metaspace       used 83692K, committed 85376K, reserved 1179648K
  class space    used 9747K, committed 10496K, reserved 1048576K
GC Heap History (20 events):
Event: 1296.831 GC heap before
{Heap before GC invocations=4192 (full 4):
 PSYoungGen      total 14336K, used 14144K [0x00000000d5580000, 0x00000000d6880000, 0x0000000100000000)
  eden space 13312K, 100% used [0x00000000d5580000,0x00000000d6280000,0x00000000d6280000)
  from space 1024K, 81% used [0x00000000d6280000,0x00000000d6350000,0x00000000d6380000)
  to   space 2560K, 0% used [0x00000000d6600000,0x00000000d6600000,0x00000000d6880000)
 ParOldGen       total 1364480K, used 682344K [0x0000000080000000, 0x00000000d3480000, 0x00000000d5580000)
  object space 1364480K, 50% used [0x0000000080000000,0x00000000a9a5a160,0x00000000d3480000)
 Metaspace       used 83652K, committed 85312K, reserved 1179648K
  class space    used 9744K, committed 10496K, reserved 1048576K
}
Event: 1296.834 GC heap after
{Heap after GC invocations=4192 (full 4):
 PSYoungGen      total 14336K, used 544K [0x00000000d5580000, 0x00000000d6700000, 0x0000000100000000)
  eden space 13312K, 0% used [0x00000000d5580000,0x00000000d5580000,0x00000000d6280000)
  from space 1024K, 53% used [0x00000000d6600000,0x00000000d6688000,0x00000000d6700000)
  to   space 1024K, 0% used [0x00000000d6280000,0x00000000d6280000,0x00000000d6380000)
 ParOldGen       total 1364480K, used 682736K [0x0000000080000000, 0x00000000d3480000, 0x00000000d5580000)
  object space 1364480K, 50% used [0x0000000080000000,0x00000000a9abc160,0x00000000d3480000)
 Metaspace       used 83652K, committed 85312K, reserved 1179648K
  class space    used 9744K, committed 10496K, reserved 1048576K
}
Event: 1296.870 GC heap before
{Heap before GC invocations=4193 (full 4):
 PSYoungGen      total 14336K, used 13856K [0x00000000d5580000, 0x00000000d6700000, 0x0000000100000000)
  eden space 13312K, 100% used [0x00000000d5580000,0x00000000d6280000,0x00000000d6280000)
  from space 1024K, 53% used [0x00000000d6600000,0x00000000d6688000,0x00000000d6700000)
  to   space 1024K, 0% used [0x00000000d6280000,0x00000000d6280000,0x00000000d6380000)
 ParOldGen       total 1364480K, used 682736K [0x0000000080000000, 0x00000000d3480000, 0x00000000d5580000)
  object space 1364480K, 50% used [0x0000000080000000,0x00000000a9abc160,0x00000000d3480000)
 Metaspace       used 83660K, committed 85312K, reserved 1179648K
  class space    used 9745K, committed 10496K, reserved 1048576K
}
Event: 1296.887 GC heap after
{Heap after GC invocations=4193 (full 4):
 PSYoungGen      total 14336K, used 1023K [0x00000000d5580000, 0x00000000d6f80000, 0x0000000100000000)
  eden space 13312K, 0% used [0x00000000d5580000,0x00000000d5580000,0x00000000d6280000)
  from space 1024K, 99% used [0x00000000d6280000,0x00000000d637ffe0,0x00000000d6380000)
  to   space 6656K, 0% used [0x00000000d6900000,0x00000000d6900000,0x00000000d6f80000)
 ParOldGen       total 1364480K, used 687139K [0x0000000080000000, 0x00000000d3480000, 0x00000000d5580000)
  object space 1364480K, 50% used [0x0000000080000000,0x00000000a9f08c88,0x00000000d3480000)
 Metaspace       used 83660K, committed 85312K, reserved 1179648K
  class space    used 9745K, committed 10496K, reserved 1048576K
}
Event: 1296.926 GC heap before
{Heap before GC invocations=4194 (full 4):
 PSYoungGen      total 14336K, used 14335K [0x00000000d5580000, 0x00000000d6f80000, 0x0000000100000000)
  eden space 13312K, 100% used [0x00000000d5580000,0x00000000d6280000,0x00000000d6280000)
  from space 1024K, 99% used [0x00000000d6280000,0x00000000d637ffe0,0x00000000d6380000)
  to   space 6656K, 0% used [0x00000000d6900000,0x00000000d6900000,0x00000000d6f80000)
 ParOldGen       total 1364480K, used 687139K [0x0000000080000000, 0x00000000d3480000, 0x00000000d5580000)
  object space 1364480K, 50% used [0x0000000080000000,0x00000000a9f08c88,0x00000000d3480000)
 Metaspace       used 83674K, committed 85376K, reserved 1179648K
  class space    used 9746K, committed 10496K, reserved 1048576K
}
Event: 1296.940 GC heap after
{Heap after GC invocations=4194 (full 4):
 PSYoungGen      total 15360K, used 6648K [0x00000000d5580000, 0x00000000d7880000, 0x0000000100000000)
  eden space 8704K, 0% used [0x00000000d5580000,0x00000000d5580000,0x00000000d5e00000)
  from space 6656K, 99% used [0x00000000d6900000,0x00000000d6f7e1f0,0x00000000d6f80000)
  to   space 11264K, 0% used [0x00000000d5e00000,0x00000000d5e00000,0x00000000d6900000)
 ParOldGen       total 1364480K, used 690600K [0x0000000080000000, 0x00000000d3480000, 0x00000000d5580000)
  object space 1364480K, 50% used [0x0000000080000000,0x00000000aa26a258,0x00000000d3480000)
 Metaspace       used 83674K, committed 85376K, reserved 1179648K
  class space    used 9746K, committed 10496K, reserved 1048576K
}
Event: 1296.998 GC heap before
{Heap before GC invocations=4195 (full 4):
 PSYoungGen      total 15360K, used 15352K [0x00000000d5580000, 0x00000000d7880000, 0x0000000100000000)
  eden space 8704K, 100% used [0x00000000d5580000,0x00000000d5e00000,0x00000000d5e00000)
  from space 6656K, 99% used [0x00000000d6900000,0x00000000d6f7e1f0,0x00000000d6f80000)
  to   space 11264K, 0% used [0x00000000d5e00000,0x00000000d5e00000,0x00000000d6900000)
 ParOldGen       total 1364480K, used 690600K [0x0000000080000000, 0x00000000d3480000, 0x00000000d5580000)
  object space 1364480K, 50% used [0x0000000080000000,0x00000000aa26a258,0x00000000d3480000)
 Metaspace       used 83681K, committed 85376K, reserved 1179648K
  class space    used 9746K, committed 10496K, reserved 1048576K
}
Event: 1297.014 GC heap after
{Heap after GC invocations=4195 (full 4):
 PSYoungGen      total 11264K, used 2473K [0x00000000d5580000, 0x00000000d6980000, 0x0000000100000000)
  eden space 8704K, 0% used [0x00000000d5580000,0x00000000d5580000,0x00000000d5e00000)
  from space 2560K, 96% used [0x00000000d5e00000,0x00000000d606a440,0x00000000d6080000)
  to   space 5632K, 0% used [0x00000000d6400000,0x00000000d6400000,0x00000000d6980000)
 ParOldGen       total 1364480K, used 696267K [0x0000000080000000, 0x00000000d3480000, 0x00000000d5580000)
  object space 1364480K, 51% used [0x0000000080000000,0x00000000aa7f2ef0,0x00000000d3480000)
 Metaspace       used 83681K, committed 85376K, reserved 1179648K
  class space    used 9746K, committed 10496K, reserved 1048576K
}
Event: 1297.038 GC heap before
{Heap before GC invocations=4196 (full 4):
 PSYoungGen      total 11264K, used 11177K [0x00000000d5580000, 0x00000000d6980000, 0x0000000100000000)
  eden space 8704K, 100% used [0x00000000d5580000,0x00000000d5e00000,0x00000000d5e00000)
  from space 2560K, 96% used [0x00000000d5e00000,0x00000000d606a440,0x00000000d6080000)
  to   space 5632K, 0% used [0x00000000d6400000,0x00000000d6400000,0x00000000d6980000)
 ParOldGen       total 1364480K, used 696267K [0x0000000080000000, 0x00000000d3480000, 0x00000000d5580000)
  object space 1364480K, 51% used [0x0000000080000000,0x00000000aa7f2ef0,0x00000000d3480000)
 Metaspace       used 83681K, committed 85376K, reserved 1179648K
  class space    used 9746K, committed 10496K, reserved 1048576K
}
Event: 1297.067 GC heap after
{Heap after GC invocations=4196 (full 4):
 PSYoungGen      total 15360K, used 3830K [0x00000000d5580000, 0x00000000d6900000, 0x0000000100000000)
  eden space 10240K, 0% used [0x00000000d5580000,0x00000000d5580000,0x00000000d5f80000)
  from space 5120K, 74% used [0x00000000d6400000,0x00000000d67bd920,0x00000000d6900000)
  to   space 4608K, 0% used [0x00000000d5f80000,0x00000000d5f80000,0x00000000d6400000)
 ParOldGen       total 1364480K, used 697588K [0x0000000080000000, 0x00000000d3480000, 0x00000000d5580000)
  object space 1364480K, 51% used [0x0000000080000000,0x00000000aa93d328,0x00000000d3480000)
 Metaspace       used 83681K, committed 85376K, reserved 1179648K
  class space    used 9746K, committed 10496K, reserved 1048576K
}
Event: 1297.113 GC heap before
{Heap before GC invocations=4197 (full 4):
 PSYoungGen      total 15360K, used 14070K [0x00000000d5580000, 0x00000000d6900000, 0x0000000100000000)
  eden space 10240K, 100% used [0x00000000d5580000,0x00000000d5f80000,0x00000000d5f80000)
  from space 5120K, 74% used [0x00000000d6400000,0x00000000d67bd920,0x00000000d6900000)
  to   space 4608K, 0% used [0x00000000d5f80000,0x00000000d5f80000,0x00000000d6400000)
 ParOldGen       total 1364480K, used 697588K [0x0000000080000000, 0x00000000d3480000, 0x00000000d5580000)
  object space 1364480K, 51% used [0x0000000080000000,0x00000000aa93d328,0x00000000d3480000)
 Metaspace       used 83682K, committed 85376K, reserved 1179648K
  class space    used 9746K, committed 10496K, reserved 1048576K
}
Event: 1297.124 GC heap after
{Heap after GC invocations=4197 (full 4):
 PSYoungGen      total 14848K, used 3111K [0x00000000d5580000, 0x00000000d6880000, 0x0000000100000000)
  eden space 10240K, 0% used [0x00000000d5580000,0x00000000d5580000,0x00000000d5f80000)
  from space 4608K, 67% used [0x00000000d5f80000,0x00000000d6289f40,0x00000000d6400000)
  to   space 3584K, 0% used [0x00000000d6500000,0x00000000d6500000,0x00000000d6880000)
 ParOldGen       total 1364480K, used 701300K [0x0000000080000000, 0x00000000d3480000, 0x00000000d5580000)
  object space 1364480K, 51% used [0x0000000080000000,0x00000000aacdd240,0x00000000d3480000)
 Metaspace       used 83682K, committed 85376K, reserved 1179648K
  class space    used 9746K, committed 10496K, reserved 1048576K
}
Event: 1297.184 GC heap before
{Heap before GC invocations=4198 (full 4):
 PSYoungGen      total 14848K, used 13351K [0x00000000d5580000, 0x00000000d6880000, 0x0000000100000000)
  eden space 10240K, 100% used [0x00000000d5580000,0x00000000d5f80000,0x00000000d5f80000)
  from space 4608K, 67% used [0x00000000d5f80000,0x00000000d6289f40,0x00000000d6400000)
  to   space 3584K, 0% used [0x00000000d6500000,0x00000000d6500000,0x00000000d6880000)
 ParOldGen       total 1364480K, used 701300K [0x0000000080000000, 0x00000000d3480000, 0x00000000d5580000)
  object space 1364480K, 51% used [0x0000000080000000,0x00000000aacdd240,0x00000000d3480000)
 Metaspace       used 83682K, committed 85376K, reserved 1179648K
  class space    used 9746K, committed 10496K, reserved 1048576K
}
Event: 1297.191 GC heap after
{Heap after GC invocations=4198 (full 4):
 PSYoungGen      total 15360K, used 2738K [0x00000000d5580000, 0x00000000d6800000, 0x0000000100000000)
  eden space 12288K, 0% used [0x00000000d5580000,0x00000000d5580000,0x00000000d6180000)
  from space 3072K, 89% used [0x00000000d6500000,0x00000000d67ac8f8,0x00000000d6800000)
  to   space 3072K, 0% used [0x00000000d6200000,0x00000000d6200000,0x00000000d6500000)
 ParOldGen       total 1364480K, used 703837K [0x0000000080000000, 0x00000000d3480000, 0x00000000d5580000)
  object space 1364480K, 51% used [0x0000000080000000,0x00000000aaf57730,0x00000000d3480000)
 Metaspace       used 83682K, committed 85376K, reserved 1179648K
  class space    used 9746K, committed 10496K, reserved 1048576K
}
Event: 1297.334 GC heap before
{Heap before GC invocations=4199 (full 4):
 PSYoungGen      total 15360K, used 15026K [0x00000000d5580000, 0x00000000d6800000, 0x0000000100000000)
  eden space 12288K, 100% used [0x00000000d5580000,0x00000000d6180000,0x00000000d6180000)
  from space 3072K, 89% used [0x00000000d6500000,0x00000000d67ac8f8,0x00000000d6800000)
  to   space 3072K, 0% used [0x00000000d6200000,0x00000000d6200000,0x00000000d6500000)
 ParOldGen       total 1364480K, used 703837K [0x0000000080000000, 0x00000000d3480000, 0x00000000d5580000)
  object space 1364480K, 51% used [0x0000000080000000,0x00000000aaf57730,0x00000000d3480000)
 Metaspace       used 83685K, committed 85376K, reserved 1179648K
  class space    used 9746K, committed 10496K, reserved 1048576K
}
Event: 1297.339 GC heap after
{Heap after GC invocations=4199 (full 4):
 PSYoungGen      total 13824K, used 1490K [0x00000000d5580000, 0x00000000d6580000, 0x0000000100000000)
  eden space 12288K, 0% used [0x00000000d5580000,0x00000000d5580000,0x00000000d6180000)
  from space 1536K, 97% used [0x00000000d6200000,0x00000000d63749c8,0x00000000d6380000)
  to   space 2048K, 0% used [0x00000000d6380000,0x00000000d6380000,0x00000000d6580000)
 ParOldGen       total 1364480K, used 705385K [0x0000000080000000, 0x00000000d3480000, 0x00000000d5580000)
  object space 1364480K, 51% used [0x0000000080000000,0x00000000ab0da6e0,0x00000000d3480000)
 Metaspace       used 83685K, committed 85376K, reserved 1179648K
  class space    used 9746K, committed 10496K, reserved 1048576K
}
Event: 1297.530 GC heap before
{Heap before GC invocations=4200 (full 4):
 PSYoungGen      total 13824K, used 13778K [0x00000000d5580000, 0x00000000d6580000, 0x0000000100000000)
  eden space 12288K, 100% used [0x00000000d5580000,0x00000000d6180000,0x00000000d6180000)
  from space 1536K, 97% used [0x00000000d6200000,0x00000000d63749c8,0x00000000d6380000)
  to   space 2048K, 0% used [0x00000000d6380000,0x00000000d6380000,0x00000000d6580000)
 ParOldGen       total 1364480K, used 705385K [0x0000000080000000, 0x00000000d3480000, 0x00000000d5580000)
  object space 1364480K, 51% used [0x0000000080000000,0x00000000ab0da6e0,0x00000000d3480000)
 Metaspace       used 83685K, committed 85376K, reserved 1179648K
  class space    used 9746K, committed 10496K, reserved 1048576K
}
Event: 1297.540 GC heap after
{Heap after GC invocations=4200 (full 4):
 PSYoungGen      total 9216K, used 2016K [0x00000000d5580000, 0x00000000d6f80000, 0x0000000100000000)
  eden space 7168K, 0% used [0x00000000d5580000,0x00000000d5580000,0x00000000d5c80000)
  from space 2048K, 98% used [0x00000000d6380000,0x00000000d6578028,0x00000000d6580000)
  to   space 7168K, 0% used [0x00000000d5c80000,0x00000000d5c80000,0x00000000d6380000)
 ParOldGen       total 1364480K, used 709405K [0x0000000080000000, 0x00000000d3480000, 0x00000000d5580000)
  object space 1364480K, 51% used [0x0000000080000000,0x00000000ab4c75e8,0x00000000d3480000)
 Metaspace       used 83685K, committed 85376K, reserved 1179648K
  class space    used 9746K, committed 10496K, reserved 1048576K
}
Event: 1297.736 GC heap before
{Heap before GC invocations=4201 (full 4):
 PSYoungGen      total 9216K, used 9184K [0x00000000d5580000, 0x00000000d6f80000, 0x0000000100000000)
  eden space 7168K, 100% used [0x00000000d5580000,0x00000000d5c80000,0x00000000d5c80000)
  from space 2048K, 98% used [0x00000000d6380000,0x00000000d6578028,0x00000000d6580000)
  to   space 7168K, 0% used [0x00000000d5c80000,0x00000000d5c80000,0x00000000d6380000)
 ParOldGen       total 1364480K, used 709405K [0x0000000080000000, 0x00000000d3480000, 0x00000000d5580000)
  object space 1364480K, 51% used [0x0000000080000000,0x00000000ab4c75e8,0x00000000d3480000)
 Metaspace       used 83685K, committed 85376K, reserved 1179648K
  class space    used 9746K, committed 10496K, reserved 1048576K
}
Event: 1298.602 GC heap after
{Heap after GC invocations=4201 (full 4):
 PSYoungGen      total 11264K, used 3920K [0x00000000d5580000, 0x00000000d6680000, 0x0000000100000000)
  eden space 7168K, 0% used [0x00000000d5580000,0x00000000d5580000,0x00000000d5c80000)
  from space 4096K, 95% used [0x00000000d5c80000,0x00000000d6054098,0x00000000d6080000)
  to   space 5120K, 0% used [0x00000000d6180000,0x00000000d6180000,0x00000000d6680000)
 ParOldGen       total 1364480K, used 710886K [0x0000000080000000, 0x00000000d3480000, 0x00000000d5580000)
  object space 1364480K, 52% used [0x0000000080000000,0x00000000ab639a30,0x00000000d3480000)
 Metaspace       used 83685K, committed 85376K, reserved 1179648K
  class space    used 9746K, committed 10496K, reserved 1048576K
}

